生成启动时间为 2019/4/15 15:08:35。
     1>项目“E:\sotfware\libvorbis-1.3.6\win32\VS2010\libvorbisfile\libvorbisfile_static.vcxproj”在节点 2 上(Build 个目标)。
     1>ClCompile:
         C:\vs12\VC\bin\CL.exe /c /I..\..\..\include /I..\..\..\..\libogg\include /I"E:\sotfware\libogg-1.3.3\include" /I"..\..\..\..\libogg-1.3.2\include" /I..\..\..\..\libogg\include /I..\..\..\..\..\..\..\core\ogg\libogg\include /ZI /nologo /W3 /WX- /Od /Oy- /D WIN32 /D _DEBUG /D _WINDOWS /D _VC80_UPGRADE=0x0710 /D _UNICODE /D UNICODE /Gm /EHsc /RTC1 /MDd /GS /fp:precise /Zc:wchar_t /Zc:forScope /Fo"Win32\Debug\\" /Fd"Win32\Debug\vc120.pdb" /Gd /TC /analyze- /errorReport:prompt ..\..\..\lib\vorbisfile.c
         vorbisfile.c
     1>e:\sotfware\libvorbis-1.3.6\lib\vorbisfile.c(258): warning C4244: “函数”: 从“ogg_int64_t”转换到“long”，可能丢失数据
     1>e:\sotfware\libvorbis-1.3.6\lib\vorbisfile.c(272): warning C4244: “=”: 从“ogg_int64_t”转换到“int”，可能丢失数据
     1>e:\sotfware\libvorbis-1.3.6\lib\vorbisfile.c(544): warning C4244: “return”: 从“ogg_int64_t”转换到“int”，可能丢失数据
     1>e:\sotfware\libvorbis-1.3.6\lib\vorbisfile.c(565): warning C4244: “return”: 从“ogg_int64_t”转换到“int”，可能丢失数据
     1>e:\sotfware\libvorbis-1.3.6\lib\vorbisfile.c(568): warning C4244: “return”: 从“ogg_int64_t”转换到“int”，可能丢失数据
     1>e:\sotfware\libvorbis-1.3.6\lib\vorbisfile.c(578): warning C4244: “return”: 从“ogg_int64_t”转换到“int”，可能丢失数据
     1>e:\sotfware\libvorbis-1.3.6\lib\vorbisfile.c(640): warning C4244: “return”: 从“ogg_int64_t”转换到“int”，可能丢失数据
     1>e:\sotfware\libvorbis-1.3.6\lib\vorbisfile.c(873): warning C4244: “函数”: 从“ogg_int64_t”转换到“long”，可能丢失数据
     1>e:\sotfware\libvorbis-1.3.6\lib\vorbisfile.c(1011): warning C4996: 'fopen': This function or variable may be unsafe. Consider using fopen_s instead. To disable deprecation, use _CRT_SECURE_NO_WARNINGS. See online help for details.
                 c:\vs12\vc\include\stdio.h(211) : 参见“fopen”的声明
     1>e:\sotfware\libvorbis-1.3.6\lib\vorbisfile.c(1117): warning C4244: “=”: 从“double”转换到“float”，可能丢失数据
     1>e:\sotfware\libvorbis-1.3.6\lib\vorbisfile.c(1118): warning C4244: “return”: 从“double”转换到“long”，可能丢失数据
     1>e:\sotfware\libvorbis-1.3.6\lib\vorbisfile.c(1122): warning C4244: “return”: 从“double”转换到“long”，可能丢失数据
     1>e:\sotfware\libvorbis-1.3.6\lib\vorbisfile.c(1150): warning C4244: “=”: 从“double”转换到“long”，可能丢失数据
     1>e:\sotfware\libvorbis-1.3.6\lib\vorbisfile.c(1763): warning C4244: “=”: 从“ogg_int64_t”转换到“long”，可能丢失数据
     1>e:\sotfware\libvorbis-1.3.6\lib\vorbisfile.c(1800): warning C4244: “初始化”: 从“double”转换到“ogg_int64_t”，可能丢失数据
     1>e:\sotfware\libvorbis-1.3.6\lib\vorbisfile.c(1830): warning C4244: “初始化”: 从“double”转换到“ogg_int64_t”，可能丢失数据
     1>e:\sotfware\libvorbis-1.3.6\lib\vorbisfile.c(2166): warning C4244: “初始化”: 从“double”转换到“float”，可能丢失数据
     1>C:\Program Files (x86)\MSBuild\Microsoft.Cpp\v4.0\V120\Microsoft.CppBuild.targets(1361,5): warning MSB8012: TargetPath(E:\项目\龙穴机\daphne-1.0-src\src\Win32\Debug\libvorbisfile.lib) does not match the Library's OutputFile property value (E:\项目\龙穴机\daphne-1.0-src\src\Win32\Debug\libvorbisfile_static.lib). This may cause your project to build incorrectly. To correct this, please make sure that $(OutDir), $(TargetName) and $(TargetExt) property values match the value specified in %(Lib.OutputFile).
     1>C:\Program Files (x86)\MSBuild\Microsoft.Cpp\v4.0\V120\Microsoft.CppBuild.targets(1363,5): warning MSB8012: TargetName(libvorbisfile) does not match the Library's OutputFile property value (libvorbisfile_static). This may cause your project to build incorrectly. To correct this, please make sure that $(OutDir), $(TargetName) and $(TargetExt) property values match the value specified in %(Lib.OutputFile).
       Lib:
         C:\vs12\VC\bin\Lib.exe /OUT:"E:\项目\龙穴机\daphne-1.0-src\src\Win32\Debug\libvorbisfile_static.lib" /NOLOGO Win32\Debug\vorbisfile.obj
         libvorbisfile_static.vcxproj -> E:\项目\龙穴机\daphne-1.0-src\src\Win32\Debug\libvorbisfile.lib
     1>已完成生成项目“E:\sotfware\libvorbis-1.3.6\win32\VS2010\libvorbisfile\libvorbisfile_static.vcxproj”(Build 个目标)的操作。

生成成功。

已用时间 00:00:00.36
