This file contains any messages produced by compilers while
running configure, to aid debugging if configure makes a mistake.

It was created by libogg configure 1.3.4, which was
generated by GNU Autoconf 2.69.  Invocation command line was

  $ ./configure 

## --------- ##
## Platform. ##
## --------- ##

hostname = dell
uname -m = x86_64
uname -r = 4.15.0-101-generic
uname -s = Linux
uname -v = #102~16.04.1-Ubuntu SMP Mon May 11 11:38:16 UTC 2020

/usr/bin/uname -p = unknown
/bin/uname -X     = unknown

/bin/arch              = unknown
/usr/bin/arch -k       = unknown
/usr/convex/getsysinfo = unknown
/usr/bin/hostinfo      = unknown
/bin/machine           = unknown
/usr/bin/oslevel       = unknown
/bin/universe          = unknown

PATH: /home/developer/luwenjiang/bin
PATH: /home/developer/luwenjiang/.local/bin
PATH: /usr/lib/jvm/java-7-openjdk-amd64/bin
PATH: /usr/local/sbin
PATH: /usr/local/bin
PATH: /usr/sbin
PATH: /usr/bin
PATH: /sbin
PATH: /bin
PATH: /usr/games
PATH: /usr/local/games
PATH: /snap/bin


## ----------- ##
## Core tests. ##
## ----------- ##

configure:2482: checking build system type
configure:2496: result: x86_64-pc-linux-gnu
configure:2516: checking host system type
configure:2529: result: x86_64-pc-linux-gnu
configure:2570: checking how to print strings
configure:2597: result: printf
configure:2669: checking for gcc
configure:2685: found /usr/bin/gcc
configure:2696: result: gcc
configure:2925: checking for C compiler version
configure:2934: gcc --version >&5
gcc (Ubuntu 5.4.0-6ubuntu1~16.04.12) 5.4.0 20160609
Copyright (C) 2015 Free Software Foundation, Inc.
This is free software; see the source for copying conditions.  There is NO
warranty; not even for MERCHANTABILITY or FITNESS FOR A PARTICULAR PURPOSE.

configure:2945: $? = 0
configure:2934: gcc -v >&5
Using built-in specs.
COLLECT_GCC=gcc
COLLECT_LTO_WRAPPER=/usr/lib/gcc/x86_64-linux-gnu/5/lto-wrapper
Target: x86_64-linux-gnu
Configured with: ../src/configure -v --with-pkgversion='Ubuntu 5.4.0-6ubuntu1~16.04.12' --with-bugurl=file:///usr/share/doc/gcc-5/README.Bugs --enable-languages=c,ada,c++,java,go,d,fortran,objc,obj-c++ --prefix=/usr --program-suffix=-5 --enable-shared --enable-linker-build-id --libexecdir=/usr/lib --without-included-gettext --enable-threads=posix --libdir=/usr/lib --enable-nls --with-sysroot=/ --enable-clocale=gnu --enable-libstdcxx-debug --enable-libstdcxx-time=yes --with-default-libstdcxx-abi=new --enable-gnu-unique-object --disable-vtable-verify --enable-libmpx --enable-plugin --with-system-zlib --disable-browser-plugin --enable-java-awt=gtk --enable-gtk-cairo --with-java-home=/usr/lib/jvm/java-1.5.0-gcj-5-amd64/jre --enable-java-home --with-jvm-root-dir=/usr/lib/jvm/java-1.5.0-gcj-5-amd64 --with-jvm-jar-dir=/usr/lib/jvm-exports/java-1.5.0-gcj-5-amd64 --with-arch-directory=amd64 --with-ecj-jar=/usr/share/java/eclipse-ecj.jar --enable-objc-gc --enable-multiarch --disable-werror --with-arch-32=i686 --with-abi=m64 --with-multilib-list=m32,m64,mx32 --enable-multilib --with-tune=generic --enable-checking=release --build=x86_64-linux-gnu --host=x86_64-linux-gnu --target=x86_64-linux-gnu
Thread model: posix
gcc version 5.4.0 20160609 (Ubuntu 5.4.0-6ubuntu1~16.04.12) 
configure:2945: $? = 0
configure:2934: gcc -V >&5
gcc: error: unrecognized command line option '-V'
gcc: fatal error: no input files
compilation terminated.
configure:2945: $? = 1
configure:2934: gcc -qversion >&5
gcc: error: unrecognized command line option '-qversion'
gcc: fatal error: no input files
compilation terminated.
configure:2945: $? = 1
configure:2965: checking whether the C compiler works
configure:2987: gcc    conftest.c  >&5
configure:2991: $? = 0
configure:3039: result: yes
configure:3042: checking for C compiler default output file name
configure:3044: result: a.out
configure:3050: checking for suffix of executables
configure:3057: gcc -o conftest    conftest.c  >&5
configure:3061: $? = 0
configure:3083: result: 
configure:3105: checking whether we are cross compiling
configure:3113: gcc -o conftest    conftest.c  >&5
configure:3117: $? = 0
configure:3124: ./conftest
configure:3128: $? = 0
configure:3143: result: no
configure:3148: checking for suffix of object files
configure:3170: gcc -c   conftest.c >&5
configure:3174: $? = 0
configure:3195: result: o
configure:3199: checking whether we are using the GNU C compiler
configure:3218: gcc -c   conftest.c >&5
configure:3218: $? = 0
configure:3227: result: yes
configure:3236: checking whether gcc accepts -g
configure:3256: gcc -c -g  conftest.c >&5
configure:3256: $? = 0
configure:3297: result: yes
configure:3314: checking for gcc option to accept ISO C89
configure:3377: gcc  -c -g -O2  conftest.c >&5
configure:3377: $? = 0
configure:3390: result: none needed
configure:3415: checking whether gcc understands -c and -o together
configure:3437: gcc -c conftest.c -o conftest2.o
configure:3440: $? = 0
configure:3437: gcc -c conftest.c -o conftest2.o
configure:3440: $? = 0
configure:3452: result: yes
configure:3469: checking for a sed that does not truncate output
configure:3533: result: /bin/sed
configure:3551: checking for grep that handles long lines and -e
configure:3609: result: /bin/grep
configure:3614: checking for egrep
configure:3676: result: /bin/grep -E
configure:3681: checking for fgrep
configure:3743: result: /bin/grep -F
configure:3778: checking for ld used by gcc
configure:3845: result: /usr/bin/ld
configure:3852: checking if the linker (/usr/bin/ld) is GNU ld
configure:3867: result: yes
configure:3879: checking for BSD- or MS-compatible name lister (nm)
configure:3933: result: /usr/bin/nm -B
configure:4063: checking the name lister (/usr/bin/nm -B) interface
configure:4070: gcc -c -g -O2  conftest.c >&5
configure:4073: /usr/bin/nm -B "conftest.o"
configure:4076: output
0000000000000000 B some_variable
configure:4083: result: BSD nm
configure:4086: checking whether ln -s works
configure:4090: result: yes
configure:4098: checking the maximum length of command line arguments
configure:4229: result: 1572864
configure:4277: checking how to convert x86_64-pc-linux-gnu file names to x86_64-pc-linux-gnu format
configure:4317: result: func_convert_file_noop
configure:4324: checking how to convert x86_64-pc-linux-gnu file names to toolchain format
configure:4344: result: func_convert_file_noop
configure:4351: checking for /usr/bin/ld option to reload object files
configure:4358: result: -r
configure:4432: checking for objdump
configure:4448: found /usr/bin/objdump
configure:4459: result: objdump
configure:4491: checking how to recognize dependent libraries
configure:4691: result: pass_all
configure:4776: checking for dlltool
configure:4806: result: no
configure:4836: checking how to associate runtime and link libraries
configure:4863: result: printf %s\n
configure:4924: checking for ar
configure:4940: found /usr/bin/ar
configure:4951: result: ar
configure:4988: checking for archiver @FILE support
configure:5005: gcc -c -g -O2  conftest.c >&5
configure:5005: $? = 0
configure:5008: ar cru libconftest.a @conftest.lst >&5
ar: `u' modifier ignored since `D' is the default (see `U')
configure:5011: $? = 0
configure:5016: ar cru libconftest.a @conftest.lst >&5
ar: `u' modifier ignored since `D' is the default (see `U')
ar: conftest.o: No such file or directory
configure:5019: $? = 1
configure:5031: result: @
configure:5089: checking for strip
configure:5105: found /usr/bin/strip
configure:5116: result: strip
configure:5188: checking for ranlib
configure:5204: found /usr/bin/ranlib
configure:5215: result: ranlib
configure:5292: checking for gawk
configure:5308: found /usr/bin/gawk
configure:5319: result: gawk
configure:5359: checking command to parse /usr/bin/nm -B output from gcc object
configure:5512: gcc -c -g -O2  conftest.c >&5
configure:5515: $? = 0
configure:5519: /usr/bin/nm -B conftest.o \| sed -n -e 's/^.*[ ]\([ABCDGIRSTW][ABCDGIRSTW]*\)[ ][ ]*\([_A-Za-z][_A-Za-z0-9]*\)$/\1 \2 \2/p' | sed '/ __gnu_lto/d' \> conftest.nm
configure:5522: $? = 0
configure:5588: gcc -o conftest -g -O2   conftest.c conftstm.o >&5
configure:5591: $? = 0
configure:5629: result: ok
configure:5676: checking for sysroot
configure:5706: result: no
configure:5713: checking for a working dd
configure:5751: result: /bin/dd
configure:5755: checking how to truncate binary pipes
configure:5770: result: /bin/dd bs=4096 count=1
configure:5906: gcc -c -g -O2  conftest.c >&5
configure:5909: $? = 0
configure:6099: checking for mt
configure:6115: found /bin/mt
configure:6126: result: mt
configure:6149: checking if mt is a manifest tool
configure:6155: mt '-?'
configure:6163: result: no
configure:6840: checking how to run the C preprocessor
configure:6871: gcc -E  conftest.c
configure:6871: $? = 0
configure:6885: gcc -E  conftest.c
conftest.c:9:28: fatal error: ac_nonexistent.h: No such file or directory
compilation terminated.
configure:6885: $? = 1
configure: failed program was:
| /* confdefs.h */
| #define PACKAGE_NAME "libogg"
| #define PACKAGE_TARNAME "libogg"
| #define PACKAGE_VERSION "1.3.4"
| #define PACKAGE_STRING "libogg 1.3.4"
| #define PACKAGE_BUGREPORT "ogg-dev@xiph.org"
| #define PACKAGE_URL ""
| /* end confdefs.h.  */
| #include <ac_nonexistent.h>
configure:6910: result: gcc -E
configure:6930: gcc -E  conftest.c
configure:6930: $? = 0
configure:6944: gcc -E  conftest.c
conftest.c:9:28: fatal error: ac_nonexistent.h: No such file or directory
compilation terminated.
configure:6944: $? = 1
configure: failed program was:
| /* confdefs.h */
| #define PACKAGE_NAME "libogg"
| #define PACKAGE_TARNAME "libogg"
| #define PACKAGE_VERSION "1.3.4"
| #define PACKAGE_STRING "libogg 1.3.4"
| #define PACKAGE_BUGREPORT "ogg-dev@xiph.org"
| #define PACKAGE_URL ""
| /* end confdefs.h.  */
| #include <ac_nonexistent.h>
configure:6973: checking for ANSI C header files
configure:6993: gcc -c -g -O2  conftest.c >&5
configure:6993: $? = 0
configure:7066: gcc -o conftest -g -O2   conftest.c  >&5
configure:7066: $? = 0
configure:7066: ./conftest
configure:7066: $? = 0
configure:7077: result: yes
configure:7090: checking for sys/types.h
configure:7090: gcc -c -g -O2  conftest.c >&5
configure:7090: $? = 0
configure:7090: result: yes
configure:7090: checking for sys/stat.h
configure:7090: gcc -c -g -O2  conftest.c >&5
configure:7090: $? = 0
configure:7090: result: yes
configure:7090: checking for stdlib.h
configure:7090: gcc -c -g -O2  conftest.c >&5
configure:7090: $? = 0
configure:7090: result: yes
configure:7090: checking for string.h
configure:7090: gcc -c -g -O2  conftest.c >&5
configure:7090: $? = 0
configure:7090: result: yes
configure:7090: checking for memory.h
configure:7090: gcc -c -g -O2  conftest.c >&5
configure:7090: $? = 0
configure:7090: result: yes
configure:7090: checking for strings.h
configure:7090: gcc -c -g -O2  conftest.c >&5
configure:7090: $? = 0
configure:7090: result: yes
configure:7090: checking for inttypes.h
configure:7090: gcc -c -g -O2  conftest.c >&5
configure:7090: $? = 0
configure:7090: result: yes
configure:7090: checking for stdint.h
configure:7090: gcc -c -g -O2  conftest.c >&5
configure:7090: $? = 0
configure:7090: result: yes
configure:7090: checking for unistd.h
configure:7090: gcc -c -g -O2  conftest.c >&5
configure:7090: $? = 0
configure:7090: result: yes
configure:7104: checking for dlfcn.h
configure:7104: gcc -c -g -O2  conftest.c >&5
configure:7104: $? = 0
configure:7104: result: yes
configure:7360: checking for objdir
configure:7375: result: .libs
configure:7639: checking if gcc supports -fno-rtti -fno-exceptions
configure:7657: gcc -c -g -O2  -fno-rtti -fno-exceptions conftest.c >&5
cc1: warning: command line option '-fno-rtti' is valid for C++/ObjC++ but not for C
configure:7661: $? = 0
configure:7674: result: no
configure:8032: checking for gcc option to produce PIC
configure:8039: result: -fPIC -DPIC
configure:8047: checking if gcc PIC flag -fPIC -DPIC works
configure:8065: gcc -c -g -O2  -fPIC -DPIC -DPIC conftest.c >&5
configure:8069: $? = 0
configure:8082: result: yes
configure:8111: checking if gcc static flag -static works
configure:8139: result: yes
configure:8154: checking if gcc supports -c -o file.o
configure:8175: gcc -c -g -O2  -o out/conftest2.o conftest.c >&5
configure:8179: $? = 0
configure:8201: result: yes
configure:8209: checking if gcc supports -c -o file.o
configure:8256: result: yes
configure:8289: checking whether the gcc linker (/usr/bin/ld -m elf_x86_64) supports shared libraries
configure:9548: result: yes
configure:9585: checking whether -lc should be explicitly linked in
configure:9593: gcc -c -g -O2  conftest.c >&5
configure:9596: $? = 0
configure:9611: gcc -shared  -fPIC -DPIC conftest.o  -v -Wl,-soname -Wl,conftest -o conftest 2\>\&1 \| /bin/grep  -lc  \>/dev/null 2\>\&1
configure:9614: $? = 0
configure:9628: result: no
configure:9788: checking dynamic linker characteristics
configure:10369: gcc -o conftest -g -O2   -Wl,-rpath -Wl,/foo conftest.c  >&5
configure:10369: $? = 0
configure:10609: result: GNU/Linux ld.so
configure:10731: checking how to hardcode library paths into programs
configure:10756: result: immediate
configure:11304: checking whether stripping libraries is possible
configure:11309: result: yes
configure:11344: checking if libtool supports shared libraries
configure:11346: result: yes
configure:11349: checking whether to build shared libraries
configure:11374: result: yes
configure:11377: checking whether to build static libraries
configure:11381: result: yes
configure:11437: checking for a BSD-compatible install
configure:11505: result: /usr/bin/install -c
configure:11516: checking whether build environment is sane
configure:11571: result: yes
configure:11719: checking for a thread-safe mkdir -p
configure:11758: result: /bin/mkdir -p
configure:11761: checking whether make sets $(MAKE)
configure:11783: result: yes
configure:11805: checking whether make supports the include directive
configure:11820: make -f confmf.GNU && cat confinc.out
this is the am__doit target
configure:11823: $? = 0
configure:11842: result: yes (GNU style)
configure:11875: checking whether make supports nested variables
configure:11892: result: yes
configure:11977: checking dependency style of gcc
configure:12088: result: gcc3
configure:12147: checking whether to enable maintainer-specific portions of Makefiles
configure:12156: result: yes
configure:12226: checking for gcc
configure:12253: result: gcc
configure:12482: checking for C compiler version
configure:12491: gcc --version >&5
gcc (Ubuntu 5.4.0-6ubuntu1~16.04.12) 5.4.0 20160609
Copyright (C) 2015 Free Software Foundation, Inc.
This is free software; see the source for copying conditions.  There is NO
warranty; not even for MERCHANTABILITY or FITNESS FOR A PARTICULAR PURPOSE.

configure:12502: $? = 0
configure:12491: gcc -v >&5
Using built-in specs.
COLLECT_GCC=gcc
COLLECT_LTO_WRAPPER=/usr/lib/gcc/x86_64-linux-gnu/5/lto-wrapper
Target: x86_64-linux-gnu
Configured with: ../src/configure -v --with-pkgversion='Ubuntu 5.4.0-6ubuntu1~16.04.12' --with-bugurl=file:///usr/share/doc/gcc-5/README.Bugs --enable-languages=c,ada,c++,java,go,d,fortran,objc,obj-c++ --prefix=/usr --program-suffix=-5 --enable-shared --enable-linker-build-id --libexecdir=/usr/lib --without-included-gettext --enable-threads=posix --libdir=/usr/lib --enable-nls --with-sysroot=/ --enable-clocale=gnu --enable-libstdcxx-debug --enable-libstdcxx-time=yes --with-default-libstdcxx-abi=new --enable-gnu-unique-object --disable-vtable-verify --enable-libmpx --enable-plugin --with-system-zlib --disable-browser-plugin --enable-java-awt=gtk --enable-gtk-cairo --with-java-home=/usr/lib/jvm/java-1.5.0-gcj-5-amd64/jre --enable-java-home --with-jvm-root-dir=/usr/lib/jvm/java-1.5.0-gcj-5-amd64 --with-jvm-jar-dir=/usr/lib/jvm-exports/java-1.5.0-gcj-5-amd64 --with-arch-directory=amd64 --with-ecj-jar=/usr/share/java/eclipse-ecj.jar --enable-objc-gc --enable-multiarch --disable-werror --with-arch-32=i686 --with-abi=m64 --with-multilib-list=m32,m64,mx32 --enable-multilib --with-tune=generic --enable-checking=release --build=x86_64-linux-gnu --host=x86_64-linux-gnu --target=x86_64-linux-gnu
Thread model: posix
gcc version 5.4.0 20160609 (Ubuntu 5.4.0-6ubuntu1~16.04.12) 
configure:12502: $? = 0
configure:12491: gcc -V >&5
gcc: error: unrecognized command line option '-V'
gcc: fatal error: no input files
compilation terminated.
configure:12502: $? = 1
configure:12491: gcc -qversion >&5
gcc: error: unrecognized command line option '-qversion'
gcc: fatal error: no input files
compilation terminated.
configure:12502: $? = 1
configure:12506: checking whether we are using the GNU C compiler
configure:12534: result: yes
configure:12543: checking whether gcc accepts -g
configure:12604: result: yes
configure:12621: checking for gcc option to accept ISO C89
configure:12697: result: none needed
configure:12722: checking whether gcc understands -c and -o together
configure:12759: result: yes
configure:12828: checking for ANSI C header files
configure:12932: result: yes
configure:12943: checking for inttypes.h
configure:12943: result: yes
configure:12949: checking for stdint.h
configure:12949: result: yes
configure:12955: checking for sys/types.h
configure:12955: result: yes
configure:12962: checking for an ANSI C-conforming const
configure:13028: gcc -c -O20 -Wall -ffast-math -fsigned-char -g -O2  conftest.c >&5
configure:13028: $? = 0
configure:13035: result: yes
configure:13049: checking size of int16_t
configure:13054: gcc -o conftest -O20 -Wall -ffast-math -fsigned-char -g -O2   conftest.c  >&5
configure:13054: $? = 0
configure:13054: ./conftest
configure:13054: $? = 0
configure:13068: result: 2
configure:13082: checking size of uint16_t
configure:13087: gcc -o conftest -O20 -Wall -ffast-math -fsigned-char -g -O2   conftest.c  >&5
configure:13087: $? = 0
configure:13087: ./conftest
configure:13087: $? = 0
configure:13101: result: 2
configure:13115: checking size of u_int16_t
configure:13120: gcc -o conftest -O20 -Wall -ffast-math -fsigned-char -g -O2   conftest.c  >&5
configure:13120: $? = 0
configure:13120: ./conftest
configure:13120: $? = 0
configure:13134: result: 2
configure:13148: checking size of int32_t
configure:13153: gcc -o conftest -O20 -Wall -ffast-math -fsigned-char -g -O2   conftest.c  >&5
configure:13153: $? = 0
configure:13153: ./conftest
configure:13153: $? = 0
configure:13167: result: 4
configure:13181: checking size of uint32_t
configure:13186: gcc -o conftest -O20 -Wall -ffast-math -fsigned-char -g -O2   conftest.c  >&5
configure:13186: $? = 0
configure:13186: ./conftest
configure:13186: $? = 0
configure:13200: result: 4
configure:13214: checking size of u_int32_t
configure:13219: gcc -o conftest -O20 -Wall -ffast-math -fsigned-char -g -O2   conftest.c  >&5
configure:13219: $? = 0
configure:13219: ./conftest
configure:13219: $? = 0
configure:13233: result: 4
configure:13247: checking size of int64_t
configure:13252: gcc -o conftest -O20 -Wall -ffast-math -fsigned-char -g -O2   conftest.c  >&5
configure:13252: $? = 0
configure:13252: ./conftest
configure:13252: $? = 0
configure:13266: result: 8
configure:13280: checking size of uint64_t
configure:13285: gcc -o conftest -O20 -Wall -ffast-math -fsigned-char -g -O2   conftest.c  >&5
configure:13285: $? = 0
configure:13285: ./conftest
configure:13285: $? = 0
configure:13299: result: 8
configure:13313: checking size of short
configure:13318: gcc -o conftest -O20 -Wall -ffast-math -fsigned-char -g -O2   conftest.c  >&5
configure:13318: $? = 0
configure:13318: ./conftest
configure:13318: $? = 0
configure:13332: result: 2
configure:13346: checking size of int
configure:13351: gcc -o conftest -O20 -Wall -ffast-math -fsigned-char -g -O2   conftest.c  >&5
configure:13351: $? = 0
configure:13351: ./conftest
configure:13351: $? = 0
configure:13365: result: 4
configure:13379: checking size of long
configure:13384: gcc -o conftest -O20 -Wall -ffast-math -fsigned-char -g -O2   conftest.c  >&5
configure:13384: $? = 0
configure:13384: ./conftest
configure:13384: $? = 0
configure:13398: result: 8
configure:13412: checking size of long long
configure:13417: gcc -o conftest -O20 -Wall -ffast-math -fsigned-char -g -O2   conftest.c  >&5
configure:13417: $? = 0
configure:13417: ./conftest
configure:13417: $? = 0
configure:13431: result: 8
configure:13530: checking for working memcmp
configure:13573: gcc -o conftest -O20 -Wall -ffast-math -fsigned-char -g -O2   conftest.c  >&5
configure:13573: $? = 0
configure:13573: ./conftest
configure:13573: $? = 0
configure:13583: result: yes
configure:13725: checking that generated files are newer than configure
configure:13731: result: done
configure:13762: creating ./config.status

## ---------------------- ##
## Running config.status. ##
## ---------------------- ##

This file was extended by libogg config.status 1.3.4, which was
generated by GNU Autoconf 2.69.  Invocation command line was

  CONFIG_FILES    = 
  CONFIG_HEADERS  = 
  CONFIG_LINKS    = 
  CONFIG_COMMANDS = 
  $ ./config.status 

on dell

config.status:1126: creating Makefile
config.status:1126: creating src/Makefile
config.status:1126: creating doc/Makefile
config.status:1126: creating doc/libogg/Makefile
config.status:1126: creating include/Makefile
config.status:1126: creating include/ogg/Makefile
config.status:1126: creating include/ogg/config_types.h
config.status:1126: creating libogg.spec
config.status:1126: creating ogg.pc
config.status:1126: creating ogg-uninstalled.pc
config.status:1126: creating config.h
config.status:1355: executing libtool commands
config.status:1355: executing depfiles commands
config.status:1975: cd src       && sed -e '/# am--include-marker/d' Makefile         | make -f - am--depfiles
config.status:1980: $? = 0

## ---------------- ##
## Cache variables. ##
## ---------------- ##

ac_cv_build=x86_64-pc-linux-gnu
ac_cv_c_compiler_gnu=yes
ac_cv_c_const=yes
ac_cv_env_CC_set=
ac_cv_env_CC_value=
ac_cv_env_CFLAGS_set=
ac_cv_env_CFLAGS_value=
ac_cv_env_CPPFLAGS_set=
ac_cv_env_CPPFLAGS_value=
ac_cv_env_CPP_set=
ac_cv_env_CPP_value=
ac_cv_env_LDFLAGS_set=
ac_cv_env_LDFLAGS_value=
ac_cv_env_LIBS_set=
ac_cv_env_LIBS_value=
ac_cv_env_LT_SYS_LIBRARY_PATH_set=
ac_cv_env_LT_SYS_LIBRARY_PATH_value=
ac_cv_env_build_alias_set=
ac_cv_env_build_alias_value=
ac_cv_env_host_alias_set=
ac_cv_env_host_alias_value=
ac_cv_env_target_alias_set=
ac_cv_env_target_alias_value=
ac_cv_func_memcmp_working=yes
ac_cv_header_dlfcn_h=yes
ac_cv_header_inttypes_h=yes
ac_cv_header_memory_h=yes
ac_cv_header_stdc=yes
ac_cv_header_stdint_h=yes
ac_cv_header_stdlib_h=yes
ac_cv_header_string_h=yes
ac_cv_header_strings_h=yes
ac_cv_header_sys_stat_h=yes
ac_cv_header_sys_types_h=yes
ac_cv_header_unistd_h=yes
ac_cv_host=x86_64-pc-linux-gnu
ac_cv_objext=o
ac_cv_path_EGREP='/bin/grep -E'
ac_cv_path_FGREP='/bin/grep -F'
ac_cv_path_GREP=/bin/grep
ac_cv_path_SED=/bin/sed
ac_cv_path_install='/usr/bin/install -c'
ac_cv_path_lt_DD=/bin/dd
ac_cv_path_mkdir=/bin/mkdir
ac_cv_prog_AWK=gawk
ac_cv_prog_CPP='gcc -E'
ac_cv_prog_ac_ct_AR=ar
ac_cv_prog_ac_ct_CC=gcc
ac_cv_prog_ac_ct_MANIFEST_TOOL=mt
ac_cv_prog_ac_ct_OBJDUMP=objdump
ac_cv_prog_ac_ct_RANLIB=ranlib
ac_cv_prog_ac_ct_STRIP=strip
ac_cv_prog_cc_c89=
ac_cv_prog_cc_g=yes
ac_cv_prog_make_make_set=yes
ac_cv_sizeof_int16_t=2
ac_cv_sizeof_int32_t=4
ac_cv_sizeof_int64_t=8
ac_cv_sizeof_int=4
ac_cv_sizeof_long=8
ac_cv_sizeof_long_long=8
ac_cv_sizeof_short=2
ac_cv_sizeof_u_int16_t=2
ac_cv_sizeof_u_int32_t=4
ac_cv_sizeof_uint16_t=2
ac_cv_sizeof_uint32_t=4
ac_cv_sizeof_uint64_t=8
am_cv_CC_dependencies_compiler_type=gcc3
am_cv_make_support_nested_variables=yes
am_cv_prog_cc_c_o=yes
lt_cv_ar_at_file=@
lt_cv_archive_cmds_need_lc=no
lt_cv_deplibs_check_method=pass_all
lt_cv_file_magic_cmd='$MAGIC_CMD'
lt_cv_file_magic_test_file=
lt_cv_ld_reload_flag=-r
lt_cv_nm_interface='BSD nm'
lt_cv_objdir=.libs
lt_cv_path_LD=/usr/bin/ld
lt_cv_path_NM='/usr/bin/nm -B'
lt_cv_path_mainfest_tool=no
lt_cv_prog_compiler_c_o=yes
lt_cv_prog_compiler_pic='-fPIC -DPIC'
lt_cv_prog_compiler_pic_works=yes
lt_cv_prog_compiler_rtti_exceptions=no
lt_cv_prog_compiler_static_works=yes
lt_cv_prog_gnu_ld=yes
lt_cv_sharedlib_from_linklib_cmd='printf %s\n'
lt_cv_shlibpath_overrides_runpath=no
lt_cv_sys_global_symbol_pipe='sed -n -e '\''s/^.*[	 ]\([ABCDGIRSTW][ABCDGIRSTW]*\)[	 ][	 ]*\([_A-Za-z][_A-Za-z0-9]*\)$/\1 \2 \2/p'\'' | sed '\''/ __gnu_lto/d'\'''
lt_cv_sys_global_symbol_to_c_name_address='sed -n -e '\''s/^: \(.*\) .*$/  {"\1", (void *) 0},/p'\'' -e '\''s/^[ABCDGIRSTW][ABCDGIRSTW]* .* \(.*\)$/  {"\1", (void *) \&\1},/p'\'''
lt_cv_sys_global_symbol_to_c_name_address_lib_prefix='sed -n -e '\''s/^: \(.*\) .*$/  {"\1", (void *) 0},/p'\'' -e '\''s/^[ABCDGIRSTW][ABCDGIRSTW]* .* \(lib.*\)$/  {"\1", (void *) \&\1},/p'\'' -e '\''s/^[ABCDGIRSTW][ABCDGIRSTW]* .* \(.*\)$/  {"lib\1", (void *) \&\1},/p'\'''
lt_cv_sys_global_symbol_to_cdecl='sed -n -e '\''s/^T .* \(.*\)$/extern int \1();/p'\'' -e '\''s/^[ABCDGIRSTW][ABCDGIRSTW]* .* \(.*\)$/extern char \1;/p'\'''
lt_cv_sys_global_symbol_to_import=
lt_cv_sys_max_cmd_len=1572864
lt_cv_to_host_file_cmd=func_convert_file_noop
lt_cv_to_tool_file_cmd=func_convert_file_noop
lt_cv_truncate_bin='/bin/dd bs=4096 count=1'

## ----------------- ##
## Output variables. ##
## ----------------- ##

ACLOCAL='${SHELL} /home/developer/luwenjiang/3128linux/external/daphne/libogg-1.3.4/missing aclocal-1.16'
AMDEPBACKSLASH='\'
AMDEP_FALSE='#'
AMDEP_TRUE=''
AMTAR='$${TAR-tar}'
AM_BACKSLASH='\'
AM_DEFAULT_V='$(AM_DEFAULT_VERBOSITY)'
AM_DEFAULT_VERBOSITY='1'
AM_V='$(V)'
AR='ar'
AUTOCONF='${SHELL} /home/developer/luwenjiang/3128linux/external/daphne/libogg-1.3.4/missing autoconf'
AUTOHEADER='${SHELL} /home/developer/luwenjiang/3128linux/external/daphne/libogg-1.3.4/missing autoheader'
AUTOMAKE='${SHELL} /home/developer/luwenjiang/3128linux/external/daphne/libogg-1.3.4/missing automake-1.16'
AWK='gawk'
CC='gcc'
CCDEPMODE='depmode=gcc3'
CFLAGS='-O20 -Wall -ffast-math -fsigned-char -g -O2'
CPP='gcc -E'
CPPFLAGS=''
CYGPATH_W='echo'
DEBUG='-g -Wall -fsigned-char -g -O2'
DEFS='-DHAVE_CONFIG_H'
DEPDIR='.deps'
DISABLE_CRC_FALSE=''
DISABLE_CRC_TRUE='#'
DLLTOOL='false'
DSYMUTIL=''
DUMPBIN=''
ECHO_C=''
ECHO_N='-n'
ECHO_T=''
EGREP='/bin/grep -E'
EXEEXT=''
FGREP='/bin/grep -F'
GREP='/bin/grep'
INCLUDE_INTTYPES_H='1'
INCLUDE_STDINT_H='1'
INCLUDE_SYS_TYPES_H='1'
INSTALL_DATA='${INSTALL} -m 644'
INSTALL_PROGRAM='${INSTALL}'
INSTALL_SCRIPT='${INSTALL}'
INSTALL_STRIP_PROGRAM='$(install_sh) -c -s'
LD='/usr/bin/ld -m elf_x86_64'
LDFLAGS=''
LIBOBJS=''
LIBS=''
LIBTOOL='$(SHELL) $(top_builddir)/libtool'
LIBTOOL_DEPS='./ltmain.sh'
LIB_AGE='8'
LIB_CURRENT='8'
LIB_REVISION='4'
LIPO=''
LN_S='ln -s'
LTLIBOBJS=''
LT_SYS_LIBRARY_PATH=''
MAINT=''
MAINTAINER_MODE_FALSE='#'
MAINTAINER_MODE_TRUE=''
MAKEINFO='${SHELL} /home/developer/luwenjiang/3128linux/external/daphne/libogg-1.3.4/missing makeinfo'
MANIFEST_TOOL=':'
MKDIR_P='/bin/mkdir -p'
NM='/usr/bin/nm -B'
NMEDIT=''
OBJDUMP='objdump'
OBJEXT='o'
OPT=''
OTOOL64=''
OTOOL=''
PACKAGE='libogg'
PACKAGE_BUGREPORT='ogg-dev@xiph.org'
PACKAGE_NAME='libogg'
PACKAGE_STRING='libogg 1.3.4'
PACKAGE_TARNAME='libogg'
PACKAGE_URL=''
PACKAGE_VERSION='1.3.4'
PATH_SEPARATOR=':'
PROFILE='-Wall -W -pg -g -O20 -ffast-math -fsigned-char -g -O2'
RANLIB='ranlib'
SED='/bin/sed'
SET_MAKE=''
SHELL='/bin/sh'
SIZE16='int16_t'
SIZE32='int32_t'
SIZE64='int64_t'
STRIP='strip'
USIZE16='uint16_t'
USIZE32='uint32_t'
USIZE64='uint64_t'
VERSION='1.3.4'
ac_ct_AR='ar'
ac_ct_CC='gcc'
ac_ct_DUMPBIN=''
am__EXEEXT_FALSE=''
am__EXEEXT_TRUE='#'
am__fastdepCC_FALSE='#'
am__fastdepCC_TRUE=''
am__include='include'
am__isrc=''
am__leading_dot='.'
am__nodep='_no'
am__quote=''
am__tar='$${TAR-tar} chof - "$$tardir"'
am__untar='$${TAR-tar} xf -'
bindir='${exec_prefix}/bin'
build='x86_64-pc-linux-gnu'
build_alias=''
build_cpu='x86_64'
build_os='linux-gnu'
build_vendor='pc'
datadir='${datarootdir}'
datarootdir='${prefix}/share'
docdir='${datarootdir}/doc/${PACKAGE_TARNAME}'
dvidir='${docdir}'
exec_prefix='${prefix}'
host='x86_64-pc-linux-gnu'
host_alias=''
host_cpu='x86_64'
host_os='linux-gnu'
host_vendor='pc'
htmldir='${docdir}'
includedir='${prefix}/include'
infodir='${datarootdir}/info'
install_sh='${SHELL} /home/developer/luwenjiang/3128linux/external/daphne/libogg-1.3.4/install-sh'
libdir='${exec_prefix}/lib'
libexecdir='${exec_prefix}/libexec'
localedir='${datarootdir}/locale'
localstatedir='${prefix}/var'
mandir='${datarootdir}/man'
mkdir_p='$(MKDIR_P)'
oldincludedir='/usr/include'
pdfdir='${docdir}'
prefix='/usr/local'
program_transform_name='s,x,x,'
psdir='${docdir}'
sbindir='${exec_prefix}/sbin'
sharedstatedir='${prefix}/com'
sysconfdir='${prefix}/etc'
target_alias=''

## ----------- ##
## confdefs.h. ##
## ----------- ##

/* confdefs.h */
#define PACKAGE_NAME "libogg"
#define PACKAGE_TARNAME "libogg"
#define PACKAGE_VERSION "1.3.4"
#define PACKAGE_STRING "libogg 1.3.4"
#define PACKAGE_BUGREPORT "ogg-dev@xiph.org"
#define PACKAGE_URL ""
#define STDC_HEADERS 1
#define HAVE_SYS_TYPES_H 1
#define HAVE_SYS_STAT_H 1
#define HAVE_STDLIB_H 1
#define HAVE_STRING_H 1
#define HAVE_MEMORY_H 1
#define HAVE_STRINGS_H 1
#define HAVE_INTTYPES_H 1
#define HAVE_STDINT_H 1
#define HAVE_UNISTD_H 1
#define HAVE_DLFCN_H 1
#define LT_OBJDIR ".libs/"
#define PACKAGE "libogg"
#define VERSION "1.3.4"
#define STDC_HEADERS 1
#define SIZEOF_INT16_T 2
#define SIZEOF_UINT16_T 2
#define SIZEOF_U_INT16_T 2
#define SIZEOF_INT32_T 4
#define SIZEOF_UINT32_T 4
#define SIZEOF_U_INT32_T 4
#define SIZEOF_INT64_T 8
#define SIZEOF_UINT64_T 8
#define SIZEOF_SHORT 2
#define SIZEOF_INT 4
#define SIZEOF_LONG 8
#define SIZEOF_LONG_LONG 8

configure: exit 0
