This file contains any messages produced by compilers while
running configure, to aid debugging if configure makes a mistake.

It was created by libvorbis configure 1.3.7, which was
generated by GNU Autoconf 2.69.  Invocation command line was

  $ ./configure 

## --------- ##
## Platform. ##
## --------- ##

hostname = dell
uname -m = x86_64
uname -r = 4.15.0-101-generic
uname -s = Linux
uname -v = #102~16.04.1-Ubuntu SMP Mon May 11 11:38:16 UTC 2020

/usr/bin/uname -p = unknown
/bin/uname -X     = unknown

/bin/arch              = unknown
/usr/bin/arch -k       = unknown
/usr/convex/getsysinfo = unknown
/usr/bin/hostinfo      = unknown
/bin/machine           = unknown
/usr/bin/oslevel       = unknown
/bin/universe          = unknown

PATH: /home/developer/luwenjiang/bin
PATH: /home/developer/luwenjiang/.local/bin
PATH: /usr/lib/jvm/java-7-openjdk-amd64/bin
PATH: /usr/local/sbin
PATH: /usr/local/bin
PATH: /usr/sbin
PATH: /usr/bin
PATH: /sbin
PATH: /bin
PATH: /usr/games
PATH: /usr/local/games
PATH: /snap/bin


## ----------- ##
## Core tests. ##
## ----------- ##

configure:2374: checking build system type
configure:2388: result: x86_64-pc-linux-gnu
configure:2408: checking host system type
configure:2421: result: x86_64-pc-linux-gnu
configure:2458: checking for a BSD-compatible install
configure:2526: result: /usr/bin/install -c
configure:2537: checking whether build environment is sane
configure:2592: result: yes
configure:2743: checking for a thread-safe mkdir -p
configure:2782: result: /bin/mkdir -p
configure:2789: checking for gawk
configure:2805: found /usr/bin/gawk
configure:2816: result: gawk
configure:2827: checking whether make sets $(MAKE)
configure:2849: result: yes
configure:2878: checking whether make supports nested variables
configure:2895: result: yes
configure:3022: checking whether to enable maintainer-specific portions of Makefiles
configure:3031: result: no
configure:3059: checking whether make supports nested variables
configure:3076: result: yes
configure:3161: checking for gcc
configure:3177: found /usr/bin/gcc
configure:3188: result: gcc
configure:3417: checking for C compiler version
configure:3426: gcc --version >&5
gcc (Ubuntu 5.4.0-6ubuntu1~16.04.12) 5.4.0 20160609
Copyright (C) 2015 Free Software Foundation, Inc.
This is free software; see the source for copying conditions.  There is NO
warranty; not even for MERCHANTABILITY or FITNESS FOR A PARTICULAR PURPOSE.

configure:3437: $? = 0
configure:3426: gcc -v >&5
Using built-in specs.
COLLECT_GCC=gcc
COLLECT_LTO_WRAPPER=/usr/lib/gcc/x86_64-linux-gnu/5/lto-wrapper
Target: x86_64-linux-gnu
Configured with: ../src/configure -v --with-pkgversion='Ubuntu 5.4.0-6ubuntu1~16.04.12' --with-bugurl=file:///usr/share/doc/gcc-5/README.Bugs --enable-languages=c,ada,c++,java,go,d,fortran,objc,obj-c++ --prefix=/usr --program-suffix=-5 --enable-shared --enable-linker-build-id --libexecdir=/usr/lib --without-included-gettext --enable-threads=posix --libdir=/usr/lib --enable-nls --with-sysroot=/ --enable-clocale=gnu --enable-libstdcxx-debug --enable-libstdcxx-time=yes --with-default-libstdcxx-abi=new --enable-gnu-unique-object --disable-vtable-verify --enable-libmpx --enable-plugin --with-system-zlib --disable-browser-plugin --enable-java-awt=gtk --enable-gtk-cairo --with-java-home=/usr/lib/jvm/java-1.5.0-gcj-5-amd64/jre --enable-java-home --with-jvm-root-dir=/usr/lib/jvm/java-1.5.0-gcj-5-amd64 --with-jvm-jar-dir=/usr/lib/jvm-exports/java-1.5.0-gcj-5-amd64 --with-arch-directory=amd64 --with-ecj-jar=/usr/share/java/eclipse-ecj.jar --enable-objc-gc --enable-multiarch --disable-werror --with-arch-32=i686 --with-abi=m64 --with-multilib-list=m32,m64,mx32 --enable-multilib --with-tune=generic --enable-checking=release --build=x86_64-linux-gnu --host=x86_64-linux-gnu --target=x86_64-linux-gnu
Thread model: posix
gcc version 5.4.0 20160609 (Ubuntu 5.4.0-6ubuntu1~16.04.12) 
configure:3437: $? = 0
configure:3426: gcc -V >&5
gcc: error: unrecognized command line option '-V'
gcc: fatal error: no input files
compilation terminated.
configure:3437: $? = 1
configure:3426: gcc -qversion >&5
gcc: error: unrecognized command line option '-qversion'
gcc: fatal error: no input files
compilation terminated.
configure:3437: $? = 1
configure:3457: checking whether the C compiler works
configure:3479: gcc    conftest.c  >&5
configure:3483: $? = 0
configure:3531: result: yes
configure:3534: checking for C compiler default output file name
configure:3536: result: a.out
configure:3542: checking for suffix of executables
configure:3549: gcc -o conftest    conftest.c  >&5
configure:3553: $? = 0
configure:3575: result: 
configure:3597: checking whether we are cross compiling
configure:3605: gcc -o conftest    conftest.c  >&5
configure:3609: $? = 0
configure:3616: ./conftest
configure:3620: $? = 0
configure:3635: result: no
configure:3640: checking for suffix of object files
configure:3662: gcc -c   conftest.c >&5
configure:3666: $? = 0
configure:3687: result: o
configure:3691: checking whether we are using the GNU C compiler
configure:3710: gcc -c   conftest.c >&5
configure:3710: $? = 0
configure:3719: result: yes
configure:3728: checking whether gcc accepts -g
configure:3748: gcc -c -g  conftest.c >&5
configure:3748: $? = 0
configure:3789: result: yes
configure:3806: checking for gcc option to accept ISO C89
configure:3869: gcc  -c -g -O2  conftest.c >&5
configure:3869: $? = 0
configure:3882: result: none needed
configure:3907: checking whether gcc understands -c and -o together
configure:3929: gcc -c conftest.c -o conftest2.o
configure:3932: $? = 0
configure:3929: gcc -c conftest.c -o conftest2.o
configure:3932: $? = 0
configure:3944: result: yes
configure:3964: checking whether make supports the include directive
configure:3979: make -f confmf.GNU && cat confinc.out
this is the am__doit target
configure:3982: $? = 0
configure:4001: result: yes (GNU style)
configure:4026: checking dependency style of gcc
configure:4137: result: gcc3
configure:4157: checking how to run the C preprocessor
configure:4188: gcc -E  conftest.c
configure:4188: $? = 0
configure:4202: gcc -E  conftest.c
conftest.c:11:28: fatal error: ac_nonexistent.h: No such file or directory
compilation terminated.
configure:4202: $? = 1
configure: failed program was:
| /* confdefs.h */
| #define PACKAGE_NAME "libvorbis"
| #define PACKAGE_TARNAME "libvorbis"
| #define PACKAGE_VERSION "1.3.7"
| #define PACKAGE_STRING "libvorbis 1.3.7"
| #define PACKAGE_BUGREPORT "vorbis-dev@xiph.org"
| #define PACKAGE_URL ""
| #define PACKAGE "libvorbis"
| #define VERSION "1.3.7"
| /* end confdefs.h.  */
| #include <ac_nonexistent.h>
configure:4227: result: gcc -E
configure:4247: gcc -E  conftest.c
configure:4247: $? = 0
configure:4261: gcc -E  conftest.c
conftest.c:11:28: fatal error: ac_nonexistent.h: No such file or directory
compilation terminated.
configure:4261: $? = 1
configure: failed program was:
| /* confdefs.h */
| #define PACKAGE_NAME "libvorbis"
| #define PACKAGE_TARNAME "libvorbis"
| #define PACKAGE_VERSION "1.3.7"
| #define PACKAGE_STRING "libvorbis 1.3.7"
| #define PACKAGE_BUGREPORT "vorbis-dev@xiph.org"
| #define PACKAGE_URL ""
| #define PACKAGE "libvorbis"
| #define VERSION "1.3.7"
| /* end confdefs.h.  */
| #include <ac_nonexistent.h>
configure:4292: checking for inline
configure:4308: gcc -c   conftest.c >&5
configure:4308: $? = 0
configure:4316: result: inline
configure:4684: checking how to print strings
configure:4711: result: printf
configure:4732: checking for a sed that does not truncate output
configure:4796: result: /bin/sed
configure:4814: checking for grep that handles long lines and -e
configure:4872: result: /bin/grep
configure:4877: checking for egrep
configure:4939: result: /bin/grep -E
configure:4944: checking for fgrep
configure:5006: result: /bin/grep -F
configure:5041: checking for ld used by gcc
configure:5108: result: /usr/bin/ld
configure:5115: checking if the linker (/usr/bin/ld) is GNU ld
configure:5130: result: yes
configure:5142: checking for BSD- or MS-compatible name lister (nm)
configure:5196: result: /usr/bin/nm -B
configure:5326: checking the name lister (/usr/bin/nm -B) interface
configure:5333: gcc -c   conftest.c >&5
configure:5336: /usr/bin/nm -B "conftest.o"
configure:5339: output
0000000000000000 B some_variable
configure:5346: result: BSD nm
configure:5349: checking whether ln -s works
configure:5353: result: yes
configure:5361: checking the maximum length of command line arguments
configure:5492: result: 1572864
configure:5540: checking how to convert x86_64-pc-linux-gnu file names to x86_64-pc-linux-gnu format
configure:5580: result: func_convert_file_noop
configure:5587: checking how to convert x86_64-pc-linux-gnu file names to toolchain format
configure:5607: result: func_convert_file_noop
configure:5614: checking for /usr/bin/ld option to reload object files
configure:5621: result: -r
configure:5695: checking for objdump
configure:5722: result: objdump
configure:5751: checking how to recognize dependent libraries
configure:5951: result: pass_all
configure:6036: checking for dlltool
configure:6063: result: dlltool
configure:6093: checking how to associate runtime and link libraries
configure:6120: result: printf %s\n
configure:6180: checking for ar
configure:6196: found /usr/bin/ar
configure:6207: result: ar
configure:6244: checking for archiver @FILE support
configure:6261: gcc -c   conftest.c >&5
configure:6261: $? = 0
configure:6264: ar cr libconftest.a @conftest.lst >&5
configure:6267: $? = 0
configure:6272: ar cr libconftest.a @conftest.lst >&5
ar: conftest.o: No such file or directory
configure:6275: $? = 1
configure:6287: result: @
configure:6345: checking for strip
configure:6361: found /usr/bin/strip
configure:6372: result: strip
configure:6444: checking for ranlib
configure:6460: found /usr/bin/ranlib
configure:6471: result: ranlib
configure:6573: checking command to parse /usr/bin/nm -B output from gcc object
configure:6726: gcc -c   conftest.c >&5
configure:6729: $? = 0
configure:6733: /usr/bin/nm -B conftest.o | sed -n -e 's/^.*[	 ]\([ABCDGIRSTW][ABCDGIRSTW]*\)[	 ][	 ]*\([_A-Za-z][_A-Za-z0-9]*\)$/\1 \2 \2/p' | sed '/ __gnu_lto/d' > conftest.nm
configure:6799: gcc -o conftest    conftest.c conftstm.o >&5
configure:6802: $? = 0
configure:6840: result: ok
configure:6887: checking for sysroot
configure:6917: result: no
configure:6924: checking for a working dd
configure:6962: result: /bin/dd
configure:6966: checking how to truncate binary pipes
configure:6981: result: /bin/dd bs=4096 count=1
configure:7117: gcc -c   conftest.c >&5
configure:7120: $? = 0
configure:7310: checking for mt
configure:7326: found /bin/mt
configure:7337: result: mt
configure:7360: checking if mt is a manifest tool
configure:7366: mt '-?'
configure:7374: result: no
configure:8047: checking for ANSI C header files
configure:8067: gcc -c   conftest.c >&5
configure:8067: $? = 0
configure:8140: gcc -o conftest    conftest.c  >&5
configure:8140: $? = 0
configure:8140: ./conftest
configure:8140: $? = 0
configure:8151: result: yes
configure:8164: checking for sys/types.h
configure:8164: gcc -c   conftest.c >&5
configure:8164: $? = 0
configure:8164: result: yes
configure:8164: checking for sys/stat.h
configure:8164: gcc -c   conftest.c >&5
configure:8164: $? = 0
configure:8164: result: yes
configure:8164: checking for stdlib.h
configure:8164: gcc -c   conftest.c >&5
configure:8164: $? = 0
configure:8164: result: yes
configure:8164: checking for string.h
configure:8164: gcc -c   conftest.c >&5
configure:8164: $? = 0
configure:8164: result: yes
configure:8164: checking for memory.h
configure:8164: gcc -c   conftest.c >&5
configure:8164: $? = 0
configure:8164: result: yes
configure:8164: checking for strings.h
configure:8164: gcc -c   conftest.c >&5
configure:8164: $? = 0
configure:8164: result: yes
configure:8164: checking for inttypes.h
configure:8164: gcc -c   conftest.c >&5
configure:8164: $? = 0
configure:8164: result: yes
configure:8164: checking for stdint.h
configure:8164: gcc -c   conftest.c >&5
configure:8164: $? = 0
configure:8164: result: yes
configure:8164: checking for unistd.h
configure:8164: gcc -c   conftest.c >&5
configure:8164: $? = 0
configure:8164: result: yes
configure:8178: checking for dlfcn.h
configure:8178: gcc -c   conftest.c >&5
configure:8178: $? = 0
configure:8178: result: yes
configure:8432: checking for objdir
configure:8447: result: .libs
configure:8711: checking if gcc supports -fno-rtti -fno-exceptions
configure:8729: gcc -c   -fno-rtti -fno-exceptions conftest.c >&5
cc1: warning: command line option '-fno-rtti' is valid for C++/ObjC++ but not for C
configure:8733: $? = 0
configure:8746: result: no
configure:9110: checking for gcc option to produce PIC
configure:9117: result: -fPIC -DPIC
configure:9125: checking if gcc PIC flag -fPIC -DPIC works
configure:9143: gcc -c   -fPIC -DPIC -DPIC conftest.c >&5
configure:9147: $? = 0
configure:9160: result: yes
configure:9189: checking if gcc static flag -static works
configure:9217: result: yes
configure:9232: checking if gcc supports -c -o file.o
configure:9253: gcc -c   -o out/conftest2.o conftest.c >&5
configure:9257: $? = 0
configure:9279: result: yes
configure:9287: checking if gcc supports -c -o file.o
configure:9334: result: yes
configure:9367: checking whether the gcc linker (/usr/bin/ld -m elf_x86_64) supports shared libraries
configure:10630: result: yes
configure:10667: checking whether -lc should be explicitly linked in
configure:10675: gcc -c   conftest.c >&5
configure:10678: $? = 0
configure:10693: gcc -shared  -fPIC -DPIC conftest.o  -v -Wl,-soname -Wl,conftest -o conftest 2\>\&1 \| /bin/grep  -lc  \>/dev/null 2\>\&1
configure:10696: $? = 0
configure:10710: result: no
configure:10870: checking dynamic linker characteristics
configure:11451: gcc -o conftest    -Wl,-rpath -Wl,/foo conftest.c  >&5
configure:11451: $? = 0
configure:11700: result: GNU/Linux ld.so
configure:11822: checking how to hardcode library paths into programs
configure:11847: result: immediate
configure:12395: checking whether stripping libraries is possible
configure:12400: result: yes
configure:12435: checking if libtool supports shared libraries
configure:12437: result: yes
configure:12440: checking whether to build shared libraries
configure:12465: result: yes
configure:12468: checking whether to build static libraries
configure:12472: result: yes
configure:12713: checking GCC version
configure:12716: result: 5.4.0
configure:12857: checking if gcc accepts -Wdeclaration-after-statement
configure:12872: gcc -o conftest -O3 -Wall -Wextra -ffast-math -D_REENTRANT -fsigned-char -Wdeclaration-after-statement   conftest.c  >&5
configure:12872: $? = 0
configure:12873: result: yes
configure:12887: checking for memory.h
configure:12887: result: yes
configure:12899: checking for cos in -lm
configure:12924: gcc -o conftest -O3 -Wall -Wextra -ffast-math -D_REENTRANT -fsigned-char -Wdeclaration-after-statement  -DUSE_MEMORY_H   conftest.c -lm   >&5
conftest.c:30:6: warning: conflicting types for built-in function 'cos'
 char cos ();
      ^
configure:12924: $? = 0
configure:12933: result: yes
configure:12941: checking for pthread_create in -lpthread
configure:12966: gcc -o conftest -O3 -Wall -Wextra -ffast-math -D_REENTRANT -fsigned-char -Wdeclaration-after-statement  -DUSE_MEMORY_H   conftest.c -lpthread   >&5
configure:12966: $? = 0
configure:12975: result: yes
configure:13033: checking for pkg-config
configure:13051: found /usr/bin/pkg-config
configure:13063: result: /usr/bin/pkg-config
configure:13088: checking pkg-config is at least version 0.9.0
configure:13091: result: yes
configure:13106: checking for OGG
configure:13114: $PKG_CONFIG --exists --print-errors "ogg >= 1.0"
Package ogg was not found in the pkg-config search path.
Perhaps you should add the directory containing `ogg.pc'
to the PKG_CONFIG_PATH environment variable
No package 'ogg' found
configure:13117: $? = 1
configure:13132: $PKG_CONFIG --exists --print-errors "ogg >= 1.0"
Package ogg was not found in the pkg-config search path.
Perhaps you should add the directory containing `ogg.pc'
to the PKG_CONFIG_PATH environment variable
No package 'ogg' found
configure:13135: $? = 1
No package 'ogg' found
configure:13163: result: no
configure:13234: checking for Ogg
configure:13269: gcc -o conftest -O3 -Wall -Wextra -ffast-math -D_REENTRANT -fsigned-char -Wdeclaration-after-statement  -DUSE_MEMORY_H    conftest.c   -logg >&5
conftest.c:27:21: fatal error: ogg/ogg.h: No such file or directory
compilation terminated.
configure:13269: $? = 1
configure: program exited with status 1
configure: failed program was:
| /* confdefs.h */
| #define PACKAGE_NAME "libvorbis"
| #define PACKAGE_TARNAME "libvorbis"
| #define PACKAGE_VERSION "1.3.7"
| #define PACKAGE_STRING "libvorbis 1.3.7"
| #define PACKAGE_BUGREPORT "vorbis-dev@xiph.org"
| #define PACKAGE_URL ""
| #define PACKAGE "libvorbis"
| #define VERSION "1.3.7"
| #define STDC_HEADERS 1
| #define HAVE_SYS_TYPES_H 1
| #define HAVE_SYS_STAT_H 1
| #define HAVE_STDLIB_H 1
| #define HAVE_STRING_H 1
| #define HAVE_MEMORY_H 1
| #define HAVE_STRINGS_H 1
| #define HAVE_INTTYPES_H 1
| #define HAVE_STDINT_H 1
| #define HAVE_UNISTD_H 1
| #define HAVE_DLFCN_H 1
| #define LT_OBJDIR ".libs/"
| /* end confdefs.h.  */
| 
| #include <stdio.h>
| #include <stdlib.h>
| #include <string.h>
| #include <ogg/ogg.h>
| 
| int main ()
| {
|   system("touch conf.oggtest");
|   return 0;
| }
| 
| 
configure:13291: result: no
configure:13313: gcc -o conftest -O3 -Wall -Wextra -ffast-math -D_REENTRANT -fsigned-char -Wdeclaration-after-statement  -DUSE_MEMORY_H    conftest.c   -logg >&5
conftest.c:25:21: fatal error: ogg/ogg.h: No such file or directory
compilation terminated.
configure:13313: $? = 1
configure: failed program was:
| /* confdefs.h */
| #define PACKAGE_NAME "libvorbis"
| #define PACKAGE_TARNAME "libvorbis"
| #define PACKAGE_VERSION "1.3.7"
| #define PACKAGE_STRING "libvorbis 1.3.7"
| #define PACKAGE_BUGREPORT "vorbis-dev@xiph.org"
| #define PACKAGE_URL ""
| #define PACKAGE "libvorbis"
| #define VERSION "1.3.7"
| #define STDC_HEADERS 1
| #define HAVE_SYS_TYPES_H 1
| #define HAVE_SYS_STAT_H 1
| #define HAVE_STDLIB_H 1
| #define HAVE_STRING_H 1
| #define HAVE_MEMORY_H 1
| #define HAVE_STRINGS_H 1
| #define HAVE_INTTYPES_H 1
| #define HAVE_STDINT_H 1
| #define HAVE_UNISTD_H 1
| #define HAVE_DLFCN_H 1
| #define LT_OBJDIR ".libs/"
| /* end confdefs.h.  */
| 
| #include <stdio.h>
| #include <ogg/ogg.h>
| 
| int
| main ()
| {
|  return 0;
|   ;
|   return 0;
| }
configure:13335: error: must have Ogg installed!

## ---------------- ##
## Cache variables. ##
## ---------------- ##

ac_cv_build=x86_64-pc-linux-gnu
ac_cv_c_compiler_gnu=yes
ac_cv_c_inline=inline
ac_cv_env_CC_set=
ac_cv_env_CC_value=
ac_cv_env_CFLAGS_set=
ac_cv_env_CFLAGS_value=
ac_cv_env_CPPFLAGS_set=
ac_cv_env_CPPFLAGS_value=
ac_cv_env_CPP_set=
ac_cv_env_CPP_value=
ac_cv_env_LDFLAGS_set=
ac_cv_env_LDFLAGS_value=
ac_cv_env_LIBS_set=
ac_cv_env_LIBS_value=
ac_cv_env_LT_SYS_LIBRARY_PATH_set=
ac_cv_env_LT_SYS_LIBRARY_PATH_value=
ac_cv_env_OGG_CFLAGS_set=
ac_cv_env_OGG_CFLAGS_value=
ac_cv_env_OGG_LIBS_set=
ac_cv_env_OGG_LIBS_value=
ac_cv_env_PKG_CONFIG_set=
ac_cv_env_PKG_CONFIG_value=
ac_cv_env_build_alias_set=
ac_cv_env_build_alias_value=
ac_cv_env_host_alias_set=
ac_cv_env_host_alias_value=
ac_cv_env_target_alias_set=
ac_cv_env_target_alias_value=
ac_cv_header_dlfcn_h=yes
ac_cv_header_inttypes_h=yes
ac_cv_header_memory_h=yes
ac_cv_header_stdc=yes
ac_cv_header_stdint_h=yes
ac_cv_header_stdlib_h=yes
ac_cv_header_string_h=yes
ac_cv_header_strings_h=yes
ac_cv_header_sys_stat_h=yes
ac_cv_header_sys_types_h=yes
ac_cv_header_unistd_h=yes
ac_cv_host=x86_64-pc-linux-gnu
ac_cv_lib_m_cos=yes
ac_cv_lib_pthread_pthread_create=yes
ac_cv_objext=o
ac_cv_path_EGREP='/bin/grep -E'
ac_cv_path_FGREP='/bin/grep -F'
ac_cv_path_GREP=/bin/grep
ac_cv_path_SED=/bin/sed
ac_cv_path_ac_pt_PKG_CONFIG=/usr/bin/pkg-config
ac_cv_path_install='/usr/bin/install -c'
ac_cv_path_lt_DD=/bin/dd
ac_cv_path_mkdir=/bin/mkdir
ac_cv_prog_AWK=gawk
ac_cv_prog_CPP='gcc -E'
ac_cv_prog_ac_ct_AR=ar
ac_cv_prog_ac_ct_CC=gcc
ac_cv_prog_ac_ct_DLLTOOL=dlltool
ac_cv_prog_ac_ct_MANIFEST_TOOL=mt
ac_cv_prog_ac_ct_OBJDUMP=objdump
ac_cv_prog_ac_ct_RANLIB=ranlib
ac_cv_prog_ac_ct_STRIP=strip
ac_cv_prog_cc_c89=
ac_cv_prog_cc_g=yes
ac_cv_prog_make_make_set=yes
am_cv_CC_dependencies_compiler_type=gcc3
am_cv_make_support_nested_variables=yes
am_cv_prog_cc_c_o=yes
lt_cv_ar_at_file=@
lt_cv_archive_cmds_need_lc=no
lt_cv_deplibs_check_method=pass_all
lt_cv_file_magic_cmd='$MAGIC_CMD'
lt_cv_file_magic_test_file=
lt_cv_ld_reload_flag=-r
lt_cv_nm_interface='BSD nm'
lt_cv_objdir=.libs
lt_cv_path_LD=/usr/bin/ld
lt_cv_path_NM='/usr/bin/nm -B'
lt_cv_path_mainfest_tool=no
lt_cv_prog_compiler_c_o=yes
lt_cv_prog_compiler_pic='-fPIC -DPIC'
lt_cv_prog_compiler_pic_works=yes
lt_cv_prog_compiler_rtti_exceptions=no
lt_cv_prog_compiler_static_works=yes
lt_cv_prog_gnu_ld=yes
lt_cv_sharedlib_from_linklib_cmd='printf %s\n'
lt_cv_shlibpath_overrides_runpath=no
lt_cv_sys_global_symbol_pipe='sed -n -e '\''s/^.*[	 ]\([ABCDGIRSTW][ABCDGIRSTW]*\)[	 ][	 ]*\([_A-Za-z][_A-Za-z0-9]*\)$/\1 \2 \2/p'\'' | sed '\''/ __gnu_lto/d'\'''
lt_cv_sys_global_symbol_to_c_name_address='sed -n -e '\''s/^: \(.*\) .*$/  {"\1", (void *) 0},/p'\'' -e '\''s/^[ABCDGIRSTW][ABCDGIRSTW]* .* \(.*\)$/  {"\1", (void *) \&\1},/p'\'''
lt_cv_sys_global_symbol_to_c_name_address_lib_prefix='sed -n -e '\''s/^: \(.*\) .*$/  {"\1", (void *) 0},/p'\'' -e '\''s/^[ABCDGIRSTW][ABCDGIRSTW]* .* \(lib.*\)$/  {"\1", (void *) \&\1},/p'\'' -e '\''s/^[ABCDGIRSTW][ABCDGIRSTW]* .* \(.*\)$/  {"lib\1", (void *) \&\1},/p'\'''
lt_cv_sys_global_symbol_to_cdecl='sed -n -e '\''s/^T .* \(.*\)$/extern int \1();/p'\'' -e '\''s/^[ABCDGIRSTW][ABCDGIRSTW]* .* \(.*\)$/extern char \1;/p'\'''
lt_cv_sys_global_symbol_to_import=
lt_cv_sys_max_cmd_len=1572864
lt_cv_to_host_file_cmd=func_convert_file_noop
lt_cv_to_tool_file_cmd=func_convert_file_noop
lt_cv_truncate_bin='/bin/dd bs=4096 count=1'

## ----------------- ##
## Output variables. ##
## ----------------- ##

ACLOCAL='${SHELL} /home/developer/luwenjiang/3128linux/external/daphne/libvorbis-1.3.7/missing aclocal-1.16'
ACLOCAL_AMFLAGS='-I m4'
ALLOCA=''
AMDEPBACKSLASH='\'
AMDEP_FALSE='#'
AMDEP_TRUE=''
AMTAR='$${TAR-tar}'
AM_BACKSLASH='\'
AM_DEFAULT_V='$(AM_DEFAULT_VERBOSITY)'
AM_DEFAULT_VERBOSITY='0'
AM_V='$(V)'
AR='ar'
AS='as'
AUTOCONF='${SHELL} /home/developer/luwenjiang/3128linux/external/daphne/libvorbis-1.3.7/missing autoconf'
AUTOHEADER='${SHELL} /home/developer/luwenjiang/3128linux/external/daphne/libvorbis-1.3.7/missing autoheader'
AUTOMAKE='${SHELL} /home/developer/luwenjiang/3128linux/external/daphne/libvorbis-1.3.7/missing automake-1.16'
AWK='gawk'
BUILD_DOCS_FALSE=''
BUILD_DOCS_TRUE='#'
BUILD_EXAMPLES_FALSE=''
BUILD_EXAMPLES_TRUE='#'
CC='gcc'
CCDEPMODE='depmode=gcc3'
CFLAGS='-O3 -Wall -Wextra -ffast-math -D_REENTRANT -fsigned-char -Wdeclaration-after-statement  -DUSE_MEMORY_H'
CPP='gcc -E'
CPPFLAGS=''
CYGPATH_W='echo'
DEBUG='-g -Wall -Wextra -D_REENTRANT -D__NO_MATH_INLINES -fsigned-char'
DEFS=''
DEPDIR='.deps'
DLLTOOL='dlltool'
DSYMUTIL=''
DUMPBIN=''
ECHO_C=''
ECHO_N='-n'
ECHO_T=''
EGREP='/bin/grep -E'
EXEEXT=''
FGREP='/bin/grep -F'
GREP='/bin/grep'
HAVE_DOXYGEN='false'
HAVE_DOXYGEN_FALSE=''
HAVE_DOXYGEN_TRUE='#'
HTLATEX=''
INSTALL_DATA='${INSTALL} -m 644'
INSTALL_PROGRAM='${INSTALL}'
INSTALL_SCRIPT='${INSTALL}'
INSTALL_STRIP_PROGRAM='$(install_sh) -c -s'
LD='/usr/bin/ld -m elf_x86_64'
LDFLAGS=''
LIBOBJS=''
LIBS=''
LIBTOOL='$(SHELL) $(top_builddir)/libtool'
LIBTOOL_DEPS='./ltmain.sh'
LIPO=''
LN_S='ln -s'
LTLIBOBJS=''
LT_SYS_LIBRARY_PATH=''
MAINT='#'
MAINTAINER_MODE_FALSE=''
MAINTAINER_MODE_TRUE='#'
MAKEINFO='${SHELL} /home/developer/luwenjiang/3128linux/external/daphne/libvorbis-1.3.7/missing makeinfo'
MANIFEST_TOOL=':'
MKDIR_P='/bin/mkdir -p'
NM='/usr/bin/nm -B'
NMEDIT=''
OBJDUMP='objdump'
OBJEXT='o'
OGG_CFLAGS=''
OGG_LIBS=''
OTOOL64=''
OTOOL=''
PACKAGE='libvorbis'
PACKAGE_BUGREPORT='vorbis-dev@xiph.org'
PACKAGE_NAME='libvorbis'
PACKAGE_STRING='libvorbis 1.3.7'
PACKAGE_TARNAME='libvorbis'
PACKAGE_URL=''
PACKAGE_VERSION='1.3.7'
PATH_SEPARATOR=':'
PDFLATEX=''
PKG_CONFIG='/usr/bin/pkg-config'
PROFILE='-pg -g -O3 -ffast-math -D_REENTRANT -fsigned-char'
RANLIB='ranlib'
SED='/bin/sed'
SET_MAKE=''
SHELL='/bin/sh'
STRIP='strip'
VERSION='1.3.7'
VE_LIB_AGE='0'
VE_LIB_CURRENT='2'
VE_LIB_REVISION='12'
VF_LIB_AGE='3'
VF_LIB_CURRENT='6'
VF_LIB_REVISION='8'
VORBIS_LIBS='-lm'
V_LIB_AGE='4'
V_LIB_CURRENT='4'
V_LIB_REVISION='9'
ac_ct_AR='ar'
ac_ct_CC='gcc'
ac_ct_DUMPBIN=''
am__EXEEXT_FALSE=''
am__EXEEXT_TRUE=''
am__fastdepCC_FALSE='#'
am__fastdepCC_TRUE=''
am__include='include'
am__isrc=''
am__leading_dot='.'
am__nodep='_no'
am__quote=''
am__tar='$${TAR-tar} chof - "$$tardir"'
am__untar='$${TAR-tar} xf -'
bindir='${exec_prefix}/bin'
build='x86_64-pc-linux-gnu'
build_alias=''
build_cpu='x86_64'
build_os='linux-gnu'
build_vendor='pc'
datadir='${datarootdir}'
datarootdir='${prefix}/share'
docdir='${datarootdir}/doc/${PACKAGE_TARNAME}'
dvidir='${docdir}'
exec_prefix='NONE'
host='x86_64-pc-linux-gnu'
host_alias=''
host_cpu='x86_64'
host_os='linux-gnu'
host_vendor='pc'
htmldir='${docdir}'
includedir='${prefix}/include'
infodir='${datarootdir}/info'
install_sh='${SHELL} /home/developer/luwenjiang/3128linux/external/daphne/libvorbis-1.3.7/install-sh'
libdir='${exec_prefix}/lib'
libexecdir='${exec_prefix}/libexec'
localedir='${datarootdir}/locale'
localstatedir='${prefix}/var'
mandir='${datarootdir}/man'
mkdir_p='$(MKDIR_P)'
oldincludedir='/usr/include'
pdfdir='${docdir}'
prefix='NONE'
program_transform_name='s,x,x,'
psdir='${docdir}'
pthread_lib='-lpthread'
runstatedir='${localstatedir}/run'
sbindir='${exec_prefix}/sbin'
sharedstatedir='${prefix}/com'
sysconfdir='${prefix}/etc'
target_alias=''

## ----------- ##
## confdefs.h. ##
## ----------- ##

/* confdefs.h */
#define PACKAGE_NAME "libvorbis"
#define PACKAGE_TARNAME "libvorbis"
#define PACKAGE_VERSION "1.3.7"
#define PACKAGE_STRING "libvorbis 1.3.7"
#define PACKAGE_BUGREPORT "vorbis-dev@xiph.org"
#define PACKAGE_URL ""
#define PACKAGE "libvorbis"
#define VERSION "1.3.7"
#define STDC_HEADERS 1
#define HAVE_SYS_TYPES_H 1
#define HAVE_SYS_STAT_H 1
#define HAVE_STDLIB_H 1
#define HAVE_STRING_H 1
#define HAVE_MEMORY_H 1
#define HAVE_STRINGS_H 1
#define HAVE_INTTYPES_H 1
#define HAVE_STDINT_H 1
#define HAVE_UNISTD_H 1
#define HAVE_DLFCN_H 1
#define LT_OBJDIR ".libs/"

configure: exit 1
