This file contains any messages produced by compilers while
running configure, to aid debugging if configure makes a mistake.

It was created by configure, which was
generated by GNU Autoconf 2.54.  Invocation command line was

  $ ./configure 

## --------- ##
## Platform. ##
## --------- ##

hostname = sunchip2
uname -m = x86_64
uname -r = 3.11.0-15-generic
uname -s = Linux
uname -v = #25~precise1-Ubuntu SMP Thu Jan 30 17:39:31 UTC 2014

/usr/bin/uname -p = unknown
/bin/uname -X     = unknown

/bin/arch              = unknown
/usr/bin/arch -k       = unknown
/usr/convex/getsysinfo = unknown
hostinfo               = unknown
/bin/machine           = unknown
/usr/bin/oslevel       = unknown
/bin/universe          = unknown

PATH: /home/luwenjiang/bin
PATH: /usr/local/sbin
PATH: /usr/local/bin
PATH: /usr/sbin
PATH: /usr/bin
PATH: /sbin
PATH: /bin
PATH: /usr/games
PATH: /usr/java/jdk1.6.0_45/bin


## ----------- ##
## Core tests. ##
## ----------- ##

configure:1459: checking for a BSD-compatible install
configure:1513: result: /usr/bin/install -c
configure:1524: checking whether build environment is sane
configure:1567: result: yes
configure:1600: checking for gawk
configure:1616: found /usr/bin/gawk
configure:1626: result: gawk
configure:1636: checking whether make sets ${MAKE}
configure:1656: result: yes
configure:1813: checking whether to enable maintainer-specific portions of Makefiles
configure:1822: result: no
configure:1843: checking build system type
configure:1861: result: x86_64-unknown-linux-gnu
configure:1869: checking host system type
configure:1883: result: x86_64-unknown-linux-gnu
configure:1938: checking for gcc
configure:1954: found /usr/bin/gcc
configure:1964: result: gcc
configure:2206: checking for C compiler version
configure:2209: gcc --version </dev/null >&5
gcc (Ubuntu/Linaro 4.6.3-1ubuntu5) 4.6.3
Copyright (C) 2011 Free Software Foundation, Inc.
This is free software; see the source for copying conditions.  There is NO
warranty; not even for MERCHANTABILITY or FITNESS FOR A PARTICULAR PURPOSE.

configure:2212: $? = 0
configure:2214: gcc -v </dev/null >&5
Using built-in specs.
COLLECT_GCC=gcc
COLLECT_LTO_WRAPPER=/usr/lib/gcc/x86_64-linux-gnu/4.6/lto-wrapper
Target: x86_64-linux-gnu
Configured with: ../src/configure -v --with-pkgversion='Ubuntu/Linaro 4.6.3-1ubuntu5' --with-bugurl=file:///usr/share/doc/gcc-4.6/README.Bugs --enable-languages=c,c++,fortran,objc,obj-c++ --prefix=/usr --program-suffix=-4.6 --enable-shared --enable-linker-build-id --with-system-zlib --libexecdir=/usr/lib --without-included-gettext --enable-threads=posix --with-gxx-include-dir=/usr/include/c++/4.6 --libdir=/usr/lib --enable-nls --with-sysroot=/ --enable-clocale=gnu --enable-libstdcxx-debug --enable-libstdcxx-time=yes --enable-gnu-unique-object --enable-plugin --enable-objc-gc --disable-werror --with-arch-32=i686 --with-tune=generic --enable-checking=release --build=x86_64-linux-gnu --host=x86_64-linux-gnu --target=x86_64-linux-gnu
Thread model: posix
gcc version 4.6.3 (Ubuntu/Linaro 4.6.3-1ubuntu5) 
configure:2217: $? = 0
configure:2219: gcc -V </dev/null >&5
gcc: error: unrecognized option '-V'
gcc: fatal error: no input files
compilation terminated.
configure:2222: $? = 4
configure:2242: checking for C compiler default output
configure:2245: gcc    conftest.c  >&5
configure:2248: $? = 0
configure:2282: result: a.out
configure:2287: checking whether the C compiler works
configure:2293: ./a.out
configure:2296: $? = 0
configure:2311: result: yes
configure:2318: checking whether we are cross compiling
configure:2320: result: no
configure:2323: checking for suffix of executables
configure:2325: gcc -o conftest    conftest.c  >&5
configure:2328: $? = 0
configure:2351: result: 
configure:2357: checking for suffix of object files
configure:2375: gcc -c   conftest.c >&5
configure:2378: $? = 0
configure:2397: result: o
configure:2401: checking whether we are using the GNU C compiler
configure:2422: gcc -c   conftest.c >&5
configure:2425: $? = 0
configure:2428: test -s conftest.o
configure:2431: $? = 0
configure:2443: result: yes
configure:2449: checking whether gcc accepts -g
configure:2467: gcc -c -g  conftest.c >&5
configure:2470: $? = 0
configure:2473: test -s conftest.o
configure:2476: $? = 0
configure:2486: result: yes
configure:2503: checking for gcc option to accept ANSI C
configure:2560: gcc  -c -g -O2  conftest.c >&5
configure:2563: $? = 0
configure:2566: test -s conftest.o
configure:2569: $? = 0
configure:2586: result: none needed
configure:2604: gcc -c -g -O2  conftest.c >&5
conftest.c:2:3: error: unknown type name 'choke'
conftest.c:2:3: error: expected '=', ',', ';', 'asm' or '__attribute__' at end of input
configure:2607: $? = 1
configure: failed program was:
#ifndef __cplusplus
  choke me
#endif
configure:2724: checking for style of include used by make
configure:2752: result: GNU
configure:2780: checking dependency style of gcc
configure:2842: result: gcc3
configure:2865: checking how to run the C preprocessor
configure:2891: gcc -E  conftest.c
configure:2897: $? = 0
configure:2924: gcc -E  conftest.c
configure:2920:28: fatal error: ac_nonexistent.h: No such file or directory
compilation terminated.
configure:2930: $? = 1
configure: failed program was:
#line 2919 "configure"
#include "confdefs.h"
#include <ac_nonexistent.h>
configure:2967: result: gcc -E
configure:2982: gcc -E  conftest.c
configure:2988: $? = 0
configure:3015: gcc -E  conftest.c
configure:3011:28: fatal error: ac_nonexistent.h: No such file or directory
compilation terminated.
configure:3021: $? = 1
configure: failed program was:
#line 3010 "configure"
#include "confdefs.h"
#include <ac_nonexistent.h>
configure:3061: checking for egrep
configure:3071: result: grep -E
configure:3077: checking whether gcc needs -traditional
configure:3113: result: no
configure:3127: checking if gcc supports -g -O2 -Wall flags
configure:3144: gcc -c -g -O2 -Wall  conftest.c >&5
configure:3147: $? = 0
configure:3150: test -s conftest.o
configure:3153: $? = 0
configure:3163: result: yes
configure:3175: checking if gcc supports -g  -Wall -O3 flags
configure:3192: gcc -c -g  -Wall -O3  conftest.c >&5
configure:3195: $? = 0
configure:3198: test -s conftest.o
configure:3201: $? = 0
configure:3211: result: yes
configure:3232: checking if gcc supports -g  -Wall -O3 -fomit-frame-pointer flags
configure:3249: gcc -c -g  -Wall -O3 -fomit-frame-pointer  conftest.c >&5
configure:3252: $? = 0
configure:3255: test -s conftest.o
configure:3258: $? = 0
configure:3268: result: yes
configure:3291: checking if gcc supports -g  -Wall -O3 -fomit-frame-pointer flags
configure:3308: gcc -c -g  -Wall -O3 -fomit-frame-pointer  conftest.c >&5
configure:3311: $? = 0
configure:3314: test -s conftest.o
configure:3317: $? = 0
configure:3327: result: yes
configure:3626: checking for ld used by GCC
configure:3689: result: /usr/bin/ld
configure:3698: checking if the linker (/usr/bin/ld) is GNU ld
GNU ld (GNU Binutils for Ubuntu) 2.22
configure:3710: result: yes
configure:3715: checking for /usr/bin/ld option to reload object files
configure:3722: result: -r
configure:3727: checking for BSD-compatible nm
configure:3763: result: /usr/bin/nm -B
configure:3766: checking for a sed that does not truncate output
configure:3848: result: /bin/sed
configure:3851: checking whether ln -s works
configure:3855: result: yes
configure:3862: checking how to recognise dependent libraries
configure:4043: result: file_magic ELF [0-9][0-9]*-bit [LM]SB (shared object|dynamic lib )
configure:4055: checking command to parse /usr/bin/nm -B output
configure:4136: gcc -c -g  -Wall -O3 -fomit-frame-pointer  conftest.c >&5
configure:4139: $? = 0
configure:4143: /usr/bin/nm -B conftest.o \| sed -n -e 's/^.*[ 	]\([ABCDGISTW][ABCDGISTW]*\)[ 	][ 	]*\(\)\([_A-Za-z][_A-Za-z0-9]*\)$/\1 \2\3 \3/p' \> conftest.nm
configure:4146: $? = 0
configure:4198: gcc -o conftest -g  -Wall -O3 -fomit-frame-pointer   conftest.c conftstm.o >&5
conftest.c:6:13: warning: 'main' is usually a function [-Wmain]
configure:4201: $? = 0
configure:4245: result: ok
configure:4249: checking for ANSI C header files
configure:4263: gcc -E  conftest.c
configure:4269: $? = 0
configure:4356: gcc -o conftest -g  -Wall -O3 -fomit-frame-pointer   conftest.c  >&5
configure: In function 'main':
configure:4347:7: warning: implicit declaration of function 'exit' [-Wimplicit-function-declaration]
configure:4347:7: warning: incompatible implicit declaration of built-in function 'exit' [enabled by default]
configure:4359: $? = 0
configure:4361: ./conftest
configure:4364: $? = 0
configure:4378: result: yes
configure:4402: checking for sys/types.h
configure:4415: gcc -c -g  -Wall -O3 -fomit-frame-pointer  conftest.c >&5
configure:4418: $? = 0
configure:4421: test -s conftest.o
configure:4424: $? = 0
configure:4434: result: yes
configure:4402: checking for sys/stat.h
configure:4415: gcc -c -g  -Wall -O3 -fomit-frame-pointer  conftest.c >&5
configure:4418: $? = 0
configure:4421: test -s conftest.o
configure:4424: $? = 0
configure:4434: result: yes
configure:4402: checking for stdlib.h
configure:4415: gcc -c -g  -Wall -O3 -fomit-frame-pointer  conftest.c >&5
configure:4418: $? = 0
configure:4421: test -s conftest.o
configure:4424: $? = 0
configure:4434: result: yes
configure:4402: checking for string.h
configure:4415: gcc -c -g  -Wall -O3 -fomit-frame-pointer  conftest.c >&5
configure:4418: $? = 0
configure:4421: test -s conftest.o
configure:4424: $? = 0
configure:4434: result: yes
configure:4402: checking for memory.h
configure:4415: gcc -c -g  -Wall -O3 -fomit-frame-pointer  conftest.c >&5
configure:4418: $? = 0
configure:4421: test -s conftest.o
configure:4424: $? = 0
configure:4434: result: yes
configure:4402: checking for strings.h
configure:4415: gcc -c -g  -Wall -O3 -fomit-frame-pointer  conftest.c >&5
configure:4418: $? = 0
configure:4421: test -s conftest.o
configure:4424: $? = 0
configure:4434: result: yes
configure:4402: checking for inttypes.h
configure:4415: gcc -c -g  -Wall -O3 -fomit-frame-pointer  conftest.c >&5
configure:4418: $? = 0
configure:4421: test -s conftest.o
configure:4424: $? = 0
configure:4434: result: yes
configure:4402: checking for stdint.h
configure:4415: gcc -c -g  -Wall -O3 -fomit-frame-pointer  conftest.c >&5
configure:4418: $? = 0
configure:4421: test -s conftest.o
configure:4424: $? = 0
configure:4434: result: yes
configure:4402: checking for unistd.h
configure:4415: gcc -c -g  -Wall -O3 -fomit-frame-pointer  conftest.c >&5
configure:4418: $? = 0
configure:4421: test -s conftest.o
configure:4424: $? = 0
configure:4434: result: yes
configure:4460: checking dlfcn.h usability
configure:4469: gcc -c -g  -Wall -O3 -fomit-frame-pointer  conftest.c >&5
configure:4472: $? = 0
configure:4475: test -s conftest.o
configure:4478: $? = 0
configure:4487: result: yes
configure:4491: checking dlfcn.h presence
configure:4498: gcc -E  conftest.c
configure:4504: $? = 0
configure:4522: result: yes
configure:4540: checking for dlfcn.h
configure:4547: result: yes
configure:4569: checking for file
configure:4624: result: /usr/bin/file
configure:4745: checking for ranlib
configure:4761: found /usr/bin/ranlib
configure:4772: result: ranlib
configure:4825: checking for strip
configure:4841: found /usr/bin/strip
configure:4852: result: strip
configure:5057: checking for objdir
configure:5068: result: .libs
configure:5085: checking for gcc option to produce PIC
configure:5231: result: -fPIC
configure:5235: checking if gcc PIC flag -fPIC works
configure:5255: gcc -c -g  -Wall -O3 -fomit-frame-pointer -fPIC -DPIC  conftest.c >&5
configure:5258: $? = 0
configure:5261: test -s conftest.o
configure:5264: $? = 0
configure:5301: result: yes
configure:5317: checking if gcc static flag -static works
configure:5338: gcc -o conftest -g  -Wall -O3 -fomit-frame-pointer   -static conftest.c  >&5
configure:5341: $? = 0
configure:5344: test -s conftest
configure:5347: $? = 0
configure:5362: result: yes
configure:5374: checking if gcc supports -c -o file.o
configure:5394: gcc -c -g  -Wall -O3 -fomit-frame-pointer -o out/conftest2.o  conftest.c >&5
configure:5418: result: yes
configure:5423: checking if gcc supports -c -o file.lo
configure:5447: gcc -c -g  -Wall -O3 -fomit-frame-pointer -c -o conftest.lo  conftest.c >&5
configure: In function 'main':
configure:5439:5: warning: unused variable 'some_variable' [-Wunused-variable]
configure:5450: $? = 0
configure:5453: test -s conftest.lo
configure:5456: $? = 0
configure:5477: result: yes
configure:5508: checking if gcc supports -fno-rtti -fno-exceptions
configure:5527: gcc -c -g  -Wall -O3 -fomit-frame-pointer -fno-rtti -fno-exceptions -c conftest.c  conftest.c >&5
cc1: warning: command line option '-fno-rtti' is valid for C++/ObjC++ but not for C [enabled by default]
configure: In function 'main':
configure:5519:5: warning: unused variable 'some_variable' [-Wunused-variable]
cc1: warning: command line option '-fno-rtti' is valid for C++/ObjC++ but not for C [enabled by default]
configure: In function 'main':
configure:5519:5: warning: unused variable 'some_variable' [-Wunused-variable]
configure:5530: $? = 0
configure:5533: test -s conftest.o
configure:5536: $? = 0
configure:5552: result: yes
configure:5563: checking whether the linker (/usr/bin/ld) supports shared libraries
configure:6255: result: yes
configure:6260: checking how to hardcode library paths into programs
configure:6284: result: immediate
configure:6289: checking whether stripping libraries is possible
configure:6294: result: yes
configure:6305: checking dynamic linker characteristics
configure:6707: result: GNU/Linux ld.so
configure:6712: checking if libtool supports shared libraries
configure:6714: result: yes
configure:6717: checking whether to build shared libraries
configure:6738: result: no
configure:6741: checking whether to build static libraries
configure:6745: result: yes
configure:8005: checking sys/time.h usability
configure:8014: gcc -c -g  -Wall -O3 -fomit-frame-pointer  conftest.c >&5
configure:8017: $? = 0
configure:8020: test -s conftest.o
configure:8023: $? = 0
configure:8032: result: yes
configure:8036: checking sys/time.h presence
configure:8043: gcc -E  conftest.c
configure:8049: $? = 0
configure:8067: result: yes
configure:8085: checking for sys/time.h
configure:8092: result: yes
configure:8005: checking sys/timeb.h usability
configure:8014: gcc -c -g  -Wall -O3 -fomit-frame-pointer  conftest.c >&5
configure:8017: $? = 0
configure:8020: test -s conftest.o
configure:8023: $? = 0
configure:8032: result: yes
configure:8036: checking sys/timeb.h presence
configure:8043: gcc -E  conftest.c
configure:8049: $? = 0
configure:8067: result: yes
configure:8085: checking for sys/timeb.h
configure:8092: result: yes
configure:8005: checking io.h usability
configure:8014: gcc -c -g  -Wall -O3 -fomit-frame-pointer  conftest.c >&5
configure:8042:16: fatal error: io.h: No such file or directory
compilation terminated.
configure:8017: $? = 1
configure: failed program was:
#line 8007 "configure"
#include "confdefs.h"
#include <stdio.h>
#if HAVE_SYS_TYPES_H
# include <sys/types.h>
#endif
#if HAVE_SYS_STAT_H
# include <sys/stat.h>
#endif
#if STDC_HEADERS
# include <stdlib.h>
# include <stddef.h>
#else
# if HAVE_STDLIB_H
#  include <stdlib.h>
# endif
#endif
#if HAVE_STRING_H
# if !STDC_HEADERS && HAVE_MEMORY_H
#  include <memory.h>
# endif
# include <string.h>
#endif
#if HAVE_STRINGS_H
# include <strings.h>
#endif
#if HAVE_INTTYPES_H
# include <inttypes.h>
#else
# if HAVE_STDINT_H
#  include <stdint.h>
# endif
#endif
#if HAVE_UNISTD_H
# include <unistd.h>
#endif
#include <io.h>
configure:8032: result: no
configure:8036: checking io.h presence
configure:8043: gcc -E  conftest.c
configure:8039:16: fatal error: io.h: No such file or directory
compilation terminated.
configure:8049: $? = 1
configure: failed program was:
#line 8038 "configure"
#include "confdefs.h"
#include <io.h>
configure:8067: result: no
configure:8085: checking for io.h
configure:8092: result: no
configure:8107: checking for inttypes.h
configure:8112: result: yes
configure:9206: checking for an ANSI C-conforming const
configure:9270: gcc -c -g  -Wall -O3 -fomit-frame-pointer  conftest.c >&5
configure: In function 'main':
configure:9239:17: warning: unused variable 's' [-Wunused-variable]
configure:9259:15: warning: unused variable 'foo' [-Wunused-variable]
configure:9226:29: warning: unused variable 'zero' [-Wunused-variable]
configure:9220:17: warning: unused variable 'x' [-Wunused-variable]
configure:9241:10: warning: 't' is used uninitialized in this function [-Wuninitialized]
configure:9256:23: warning: 'b' is used uninitialized in this function [-Wuninitialized]
configure:9273: $? = 0
configure:9276: test -s conftest.o
configure:9279: $? = 0
configure:9289: result: yes
configure:9299: checking for inline
configure:9317: gcc -c -g  -Wall -O3 -fomit-frame-pointer  conftest.c >&5
configure:9320: $? = 0
configure:9323: test -s conftest.o
configure:9326: $? = 0
configure:9337: result: inline
configure:9353: checking for always_inline
configure:9370: gcc -c -g  -Wall -O3 -fomit-frame-pointer -Wall -Werror  conftest.c >&5
configure:9373: $? = 0
configure:9376: test -s conftest.o
configure:9379: $? = 0
configure:9389: result: yes
configure:9398: checking for restrict
configure:9415: gcc -c -g  -Wall -O3 -fomit-frame-pointer  conftest.c >&5
configure: In function 'main':
configure:9407:17: error: expected '=', ',', ';', 'asm' or '__attribute__' before 'p'
configure:9407:17: error: 'p' undeclared (first use in this function)
configure:9407:17: note: each undeclared identifier is reported only once for each function it appears in
configure:9418: $? = 1
configure: failed program was:
#line 9402 "configure"
#include "confdefs.h"

int
main ()
{
char * restrict p;
  ;
  return 0;
}
configure:9415: gcc -c -g  -Wall -O3 -fomit-frame-pointer  conftest.c >&5
configure: In function 'main':
configure:9407:21: warning: unused variable 'p' [-Wunused-variable]
configure:9418: $? = 0
configure:9421: test -s conftest.o
configure:9424: $? = 0
configure:9433: result: __restrict__
configure:9447: checking for __builtin_expect
configure:9462: gcc -g  -Wall -O3 -fomit-frame-pointer -nostdlib -nostartfiles
            -o conftest conftest.c -lgcc >&5
/usr/bin/ld: warning: cannot find entry symbol _start; defaulting to 0000000000400150
configure:9465: $? = 0
configure:9473: result: yes
configure:9482: checking for size_t
configure:9503: gcc -c -g  -Wall -O3 -fomit-frame-pointer  conftest.c >&5
configure:9506: $? = 0
configure:9509: test -s conftest.o
configure:9512: $? = 0
configure:9522: result: yes
configure:9534: checking whether byte ordering is bigendian
configure:9558: gcc -c -g  -Wall -O3 -fomit-frame-pointer  conftest.c >&5
configure:9561: $? = 0
configure:9564: test -s conftest.o
configure:9567: $? = 0
configure:9588: gcc -c -g  -Wall -O3 -fomit-frame-pointer  conftest.c >&5
configure: In function 'main':
configure:9578:2: error: unknown type name 'not'
configure:9578:10: error: expected '=', ',', ';', 'asm' or '__attribute__' before 'endian'
configure:9591: $? = 1
configure: failed program was:
#line 9570 "configure"
#include "confdefs.h"
#include <sys/types.h>
#include <sys/param.h>

int
main ()
{
#if BYTE_ORDER != BIG_ENDIAN
 not big endian
#endif

  ;
  return 0;
}
configure:9699: result: no
configure:9725: checking for memalign
configure:9762: gcc -o conftest -g  -Wall -O3 -fomit-frame-pointer   conftest.c  >&5
configure:9765: $? = 0
configure:9768: test -s conftest
configure:9771: $? = 0
configure:9781: result: yes
configure:9725: checking for gettimeofday
configure:9762: gcc -o conftest -g  -Wall -O3 -fomit-frame-pointer   conftest.c  >&5
configure:9765: $? = 0
configure:9768: test -s conftest
configure:9771: $? = 0
configure:9781: result: yes
configure:9725: checking for ftime
configure:9762: gcc -o conftest -g  -Wall -O3 -fomit-frame-pointer   conftest.c  >&5
configure:9765: $? = 0
configure:9768: test -s conftest
configure:9771: $? = 0
configure:9781: result: yes
configure:9791: checking return type of signal handlers
configure:9819: gcc -c -g  -Wall -O3 -fomit-frame-pointer  conftest.c >&5
configure: In function 'main':
configure:9811:5: warning: unused variable 'i' [-Wunused-variable]
configure:9822: $? = 0
configure:9825: test -s conftest.o
configure:9828: $? = 0
configure:9838: result: void
configure:9850: checking if libtool supports -prefer-non-pic flag
configure:9862: result: yes
configure:9891: checking for mlib_VideoColorYUV2RGB420 in -lmlib
configure:9918: gcc -o conftest -g  -Wall -O3 -fomit-frame-pointer -L/opt/SUNWmlib/lib -R/opt/SUNWmlib/lib   conftest.c -lmlib   >&5
gcc: error: unrecognized option '-R'
configure:9921: $? = 1
configure: failed program was:
#line 9898 "configure"
#include "confdefs.h"

/* Override any gcc2 internal prototype to avoid an error.  */
#ifdef __cplusplus
extern "C"
#endif
/* We use char because int might match the return type of a gcc2
   builtin and then its argument prototype would still apply.  */
char mlib_VideoColorYUV2RGB420 ();
int
main ()
{
mlib_VideoColorYUV2RGB420 ();
  ;
  return 0;
}
configure:9938: result: no
configure:9956: checking for X
configure:10058: gcc -E  conftest.c
configure:10064: $? = 0
configure:10109: gcc -o conftest -g  -Wall -O3 -fomit-frame-pointer   conftest.c -lXt  >&5
configure:10112: $? = 0
configure:10115: test -s conftest
configure:10118: $? = 0
configure:10166: result: libraries , headers 
configure:10305: gcc -o conftest -g  -Wall -O3 -fomit-frame-pointer   conftest.c   -lX11 >&5
configure:10308: $? = 0
configure:10311: test -s conftest
configure:10314: $? = 0
configure:10440: checking for gethostbyname
configure:10477: gcc -o conftest -g  -Wall -O3 -fomit-frame-pointer   conftest.c  >&5
configure:10480: $? = 0
configure:10483: test -s conftest
configure:10486: $? = 0
configure:10496: result: yes
configure:10617: checking for connect
configure:10654: gcc -o conftest -g  -Wall -O3 -fomit-frame-pointer   conftest.c  >&5
configure:10657: $? = 0
configure:10660: test -s conftest
configure:10663: $? = 0
configure:10673: result: yes
configure:10733: checking for remove
configure:10770: gcc -o conftest -g  -Wall -O3 -fomit-frame-pointer   conftest.c  >&5
configure:10773: $? = 0
configure:10776: test -s conftest
configure:10779: $? = 0
configure:10789: result: yes
configure:10849: checking for shmat
configure:10886: gcc -o conftest -g  -Wall -O3 -fomit-frame-pointer   conftest.c  >&5
configure:10889: $? = 0
configure:10892: test -s conftest
configure:10895: $? = 0
configure:10905: result: yes
configure:10974: checking for IceConnectionNumber in -lICE
configure:11001: gcc -o conftest -g  -Wall -O3 -fomit-frame-pointer   conftest.c -lICE   >&5
configure:11004: $? = 0
configure:11007: test -s conftest
configure:11010: $? = 0
configure:11021: result: yes
configure:11032: checking for XShmCreateImage in -lXext
configure:11059: gcc -o conftest -g  -Wall -O3 -fomit-frame-pointer   conftest.c -lXext  -lSM -lICE  -lX11   >&5
configure:11062: $? = 0
configure:11065: test -s conftest
configure:11068: $? = 0
configure:11079: result: yes
configure:11089: checking for XvShmCreateImage in -lXv
configure:11116: gcc -o conftest -g  -Wall -O3 -fomit-frame-pointer   conftest.c -lXv  -lSM -lICE  -lX11  -lXext  >&5
/usr/bin/ld: cannot find -lXv
collect2: ld returned 1 exit status
configure:11119: $? = 1
configure: failed program was:
#line 11096 "configure"
#include "confdefs.h"

/* Override any gcc2 internal prototype to avoid an error.  */
#ifdef __cplusplus
extern "C"
#endif
/* We use char because int might match the return type of a gcc2
   builtin and then its argument prototype would still apply.  */
char XvShmCreateImage ();
int
main ()
{
XvShmCreateImage ();
  ;
  return 0;
}
configure:11136: result: no
configure:11171: checking ddraw.h usability
configure:11180: gcc -c -g  -Wall -O3 -fomit-frame-pointer  conftest.c >&5
configure:11208:19: fatal error: ddraw.h: No such file or directory
compilation terminated.
configure:11183: $? = 1
configure: failed program was:
#line 11173 "configure"
#include "confdefs.h"
#include <stdio.h>
#if HAVE_SYS_TYPES_H
# include <sys/types.h>
#endif
#if HAVE_SYS_STAT_H
# include <sys/stat.h>
#endif
#if STDC_HEADERS
# include <stdlib.h>
# include <stddef.h>
#else
# if HAVE_STDLIB_H
#  include <stdlib.h>
# endif
#endif
#if HAVE_STRING_H
# if !STDC_HEADERS && HAVE_MEMORY_H
#  include <memory.h>
# endif
# include <string.h>
#endif
#if HAVE_STRINGS_H
# include <strings.h>
#endif
#if HAVE_INTTYPES_H
# include <inttypes.h>
#else
# if HAVE_STDINT_H
#  include <stdint.h>
# endif
#endif
#if HAVE_UNISTD_H
# include <unistd.h>
#endif
#include <ddraw.h>
configure:11198: result: no
configure:11202: checking ddraw.h presence
configure:11209: gcc -E  conftest.c
configure:11205:19: fatal error: ddraw.h: No such file or directory
compilation terminated.
configure:11215: $? = 1
configure: failed program was:
#line 11204 "configure"
#include "confdefs.h"
#include <ddraw.h>
configure:11233: result: no
configure:11251: checking for ddraw.h
configure:11258: result: no
configure:11300: checking for mlib_VideoColorYUV2RGB420 in -lmlib
configure:11347: result: no
configure:11370: checking for sdl-config
configure:11386: found /usr/bin/sdl-config
configure:11396: result: yes
configure:11469: checking __attribute__ ((aligned ())) support
configure:11489: gcc -c -g  -Wall -O3 -fomit-frame-pointer  conftest.c >&5
configure:11492: $? = 0
configure:11495: test -s conftest.o
configure:11498: $? = 0
configure:11489: gcc -c -g  -Wall -O3 -fomit-frame-pointer  conftest.c >&5
configure:11492: $? = 0
configure:11495: test -s conftest.o
configure:11498: $? = 0
configure:11489: gcc -c -g  -Wall -O3 -fomit-frame-pointer  conftest.c >&5
configure:11492: $? = 0
configure:11495: test -s conftest.o
configure:11498: $? = 0
configure:11489: gcc -c -g  -Wall -O3 -fomit-frame-pointer  conftest.c >&5
configure:11492: $? = 0
configure:11495: test -s conftest.o
configure:11498: $? = 0
configure:11489: gcc -c -g  -Wall -O3 -fomit-frame-pointer  conftest.c >&5
configure:11492: $? = 0
configure:11495: test -s conftest.o
configure:11498: $? = 0
configure:11489: gcc -c -g  -Wall -O3 -fomit-frame-pointer  conftest.c >&5
configure:11492: $? = 0
configure:11495: test -s conftest.o
configure:11498: $? = 0
configure:11508: result: 64
configure:11634: creating ./config.status

## ---------------------- ##
## Running config.status. ##
## ---------------------- ##

This file was extended by config.status, which was
generated by GNU Autoconf 2.54.  Invocation command line was

  CONFIG_FILES    = 
  CONFIG_HEADERS  = 
  CONFIG_LINKS    = 
  CONFIG_COMMANDS = 
  $ ./config.status 

on sunchip2

config.status:663: creating Makefile
config.status:663: creating autotools/Makefile
config.status:663: creating include/Makefile
config.status:663: creating test/Makefile
config.status:663: creating doc/Makefile
config.status:663: creating src/Makefile
config.status:663: creating libmpeg2/Makefile
config.status:663: creating libvo/Makefile
config.status:663: creating vc++/Makefile
config.status:663: creating libmpeg2/libmpeg2.pc
config.status:767: creating include/config.h
config.status:1015: executing depfiles commands

## ---------------- ##
## Cache variables. ##
## ---------------- ##

ac_cv_always_inline=yes
ac_cv_build=x86_64-unknown-linux-gnu
ac_cv_build_alias=x86_64-unknown-linux-gnu
ac_cv_builtin_expect=yes
ac_cv_c_attr_align_try=64
ac_cv_c_attribute_aligned=64
ac_cv_c_bigendian=no
ac_cv_c_compiler_gnu=yes
ac_cv_c_const=yes
ac_cv_c_inline=inline
ac_cv_c_restrict=__restrict__
ac_cv_env_CC_set=
ac_cv_env_CC_value=
ac_cv_env_CFLAGS_set=
ac_cv_env_CFLAGS_value=
ac_cv_env_CPPFLAGS_set=
ac_cv_env_CPPFLAGS_value=
ac_cv_env_CPP_set=
ac_cv_env_CPP_value=
ac_cv_env_LDFLAGS_set=
ac_cv_env_LDFLAGS_value=
ac_cv_env_build_alias_set=
ac_cv_env_build_alias_value=
ac_cv_env_host_alias_set=
ac_cv_env_host_alias_value=
ac_cv_env_target_alias_set=
ac_cv_env_target_alias_value=
ac_cv_exeext=
ac_cv_func_connect=yes
ac_cv_func_ftime=yes
ac_cv_func_gethostbyname=yes
ac_cv_func_gettimeofday=yes
ac_cv_func_memalign=yes
ac_cv_func_remove=yes
ac_cv_func_shmat=yes
ac_cv_have_x='have_x=yes 		ac_x_includes= ac_x_libraries='
ac_cv_header_ddraw_h=no
ac_cv_header_dlfcn_h=yes
ac_cv_header_inttypes_h=yes
ac_cv_header_io_h=no
ac_cv_header_memory_h=yes
ac_cv_header_stdc=yes
ac_cv_header_stdint_h=yes
ac_cv_header_stdlib_h=yes
ac_cv_header_string_h=yes
ac_cv_header_strings_h=yes
ac_cv_header_sys_stat_h=yes
ac_cv_header_sys_time_h=yes
ac_cv_header_sys_timeb_h=yes
ac_cv_header_sys_types_h=yes
ac_cv_header_unistd_h=yes
ac_cv_host=x86_64-unknown-linux-gnu
ac_cv_host_alias=x86_64-unknown-linux-gnu
ac_cv_lib_ICE_IceConnectionNumber=yes
ac_cv_lib_Xext_XShmCreateImage=yes
ac_cv_lib_Xv_XvShmCreateImage=no
ac_cv_lib_mlib_mlib_VideoColorYUV2RGB420=no
ac_cv_libtool_non_pic=yes
ac_cv_objext=o
ac_cv_path_install='/usr/bin/install -c'
ac_cv_prog_AWK=gawk
ac_cv_prog_CPP='gcc -E'
ac_cv_prog_SDLCONFIG=yes
ac_cv_prog_ac_ct_CC=gcc
ac_cv_prog_ac_ct_RANLIB=ranlib
ac_cv_prog_ac_ct_STRIP=strip
ac_cv_prog_cc_g=yes
ac_cv_prog_cc_stdc=
ac_cv_prog_egrep='grep -E'
ac_cv_prog_gcc_traditional=no
ac_cv_prog_make_make_set=yes
ac_cv_try_cflags_ok=yes
ac_cv_type_signal=void
ac_cv_type_size_t=yes
am_cv_CC_dependencies_compiler_type=gcc3
lt_cv_compiler_c_o=yes
lt_cv_compiler_o_lo=yes
lt_cv_deplibs_check_method='file_magic ELF [0-9][0-9]*-bit [LM]SB (shared object|dynamic lib )'
lt_cv_file_magic_cmd='$MAGIC_CMD'
lt_cv_file_magic_test_file='/lib/libc.so* /lib/libc-*.so'
lt_cv_global_symbol_to_c_name_address='sed -n -e '\''s/^: \([^ ]*\) $/  {\"\1\", (lt_ptr) 0},/p'\'' -e '\''s/^[BCDEGRST] \([^ ]*\) \([^ ]*\)$/  {"\2", (lt_ptr) \&\2},/p'\'''
lt_cv_global_symbol_to_cdecl='sed -n -e '\''s/^. .* \(.*\)$/extern char \1;/p'\'''
lt_cv_ld_reload_flag=-r
lt_cv_path_LD=/usr/bin/ld
lt_cv_path_MAGIC_CMD=/usr/bin/file
lt_cv_path_NM='/usr/bin/nm -B'
lt_cv_path_SED=/bin/sed
lt_cv_prog_cc_can_build_shared=yes
lt_cv_prog_cc_no_builtin=
lt_cv_prog_cc_pic=' -fPIC'
lt_cv_prog_cc_pic_works=yes
lt_cv_prog_cc_shlib=
lt_cv_prog_cc_static=-static
lt_cv_prog_cc_static_works=yes
lt_cv_prog_cc_wl=-Wl,
lt_cv_prog_gnu_ld=yes
lt_cv_sys_global_symbol_pipe='sed -n -e '\''s/^.*[ 	]\([ABCDGISTW][ABCDGISTW]*\)[ 	][ 	]*\(\)\([_A-Za-z][_A-Za-z0-9]*\)$/\1 \2\3 \3/p'\'''

## ----------------- ##
## Output variables. ##
## ----------------- ##

ACLOCAL='${SHELL} /home/luwenjiang/3128linux/external/daphne/vldp2/autotools/missing --run aclocal-1.7'
AMDEPBACKSLASH='\'
AMDEP_FALSE='#'
AMDEP_TRUE=''
AMTAR='${SHELL} /home/luwenjiang/3128linux/external/daphne/vldp2/autotools/missing --run tar'
AUTOCONF='${SHELL} /home/luwenjiang/3128linux/external/daphne/vldp2/autotools/missing --run autoconf'
AUTOHEADER='${SHELL} /home/luwenjiang/3128linux/external/daphne/vldp2/autotools/missing --run autoheader'
AUTOMAKE='${SHELL} /home/luwenjiang/3128linux/external/daphne/vldp2/autotools/missing --run automake-1.7'
AWK='gawk'
CC='gcc'
CCDEPMODE='depmode=gcc3'
CFLAGS='-g  -Wall -O3 -fomit-frame-pointer'
CPP='gcc -E'
CPPFLAGS=''
CYGPATH_W='echo'
DEFS='-DHAVE_CONFIG_H'
DEPDIR='.deps'
ECHO='echo'
ECHO_C=''
ECHO_N='-n'
ECHO_T=''
EGREP='grep -E'
EXEEXT=''
INCLUDES='-I$(top_srcdir)/include -I$(top_builddir)/include'
INSTALL_DATA='${INSTALL} -m 644'
INSTALL_PROGRAM='${INSTALL}'
INSTALL_SCRIPT='${INSTALL}'
INSTALL_STRIP_PROGRAM='${SHELL} $(install_sh) -c -s'
LDFLAGS=''
LIBMPEG2_CFLAGS=' -prefer-non-pic'
LIBMPEG2_LIBS=''
LIBOBJS=''
LIBS=''
LIBTOOL='$(SHELL) $(top_builddir)/libtool'
LIBVO_CFLAGS='  -I/usr/include/SDL -D_GNU_SOURCE=1 -D_REENTRANT'
LIBVO_LIBS='  -lSM -lICE  -lX11  -lXext -L/usr/lib/x86_64-linux-gnu -lSDL'
LN_S='ln -s'
LTLIBOBJS=''
MAINT='#'
MAINTAINER_MODE_FALSE=''
MAINTAINER_MODE_TRUE='#'
MAKEINFO='${SHELL} /home/luwenjiang/3128linux/external/daphne/vldp2/autotools/missing --run makeinfo'
OBJEXT='o'
PACKAGE='mpeg2dec'
PACKAGE_BUGREPORT=''
PACKAGE_NAME=''
PACKAGE_STRING=''
PACKAGE_TARNAME=''
PACKAGE_VERSION=''
PATH_SEPARATOR=':'
RANLIB='ranlib'
SDLCONFIG='yes'
SET_MAKE=''
SHELL='/bin/sh'
STRIP='strip'
VERSION='0.3.1'
X_CFLAGS=''
X_EXTRA_LIBS=''
X_LIBS=''
X_PRE_LIBS=' -lSM -lICE'
ac_ct_CC='gcc'
ac_ct_RANLIB='ranlib'
ac_ct_STRIP='strip'
am__fastdepCC_FALSE='#'
am__fastdepCC_TRUE=''
am__include='include'
am__quote=''
bindir='${exec_prefix}/bin'
build='x86_64-unknown-linux-gnu'
build_alias=''
build_cpu='x86_64'
build_os='linux-gnu'
build_vendor='unknown'
datadir='${prefix}/share'
exec_prefix='${prefix}'
host='x86_64-unknown-linux-gnu'
host_alias=''
host_cpu='x86_64'
host_os='linux-gnu'
host_vendor='unknown'
includedir='${prefix}/include'
infodir='${prefix}/info'
install_sh='/home/luwenjiang/3128linux/external/daphne/vldp2/autotools/install-sh'
libdir='${exec_prefix}/lib'
libexecdir='${exec_prefix}/libexec'
localstatedir='${prefix}/var'
mandir='${prefix}/man'
oldincludedir='/usr/include'
prefix='/usr/local'
program_transform_name='s,x,x,'
sbindir='${exec_prefix}/sbin'
sharedstatedir='${prefix}/com'
sysconfdir='${prefix}/etc'
target_alias=''

## ----------- ##
## confdefs.h. ##
## ----------- ##

#define ACCEL_DETECT
#define ARCH_X86
#define ATTRIBUTE_ALIGNED_MAX 64
#define HAVE_BUILTIN_EXPECT
#define HAVE_DLFCN_H 1
#define HAVE_FTIME 1
#define HAVE_GETTIMEOFDAY 1
#define HAVE_INTTYPES_H 1
#define HAVE_MEMALIGN 1
#define HAVE_MEMORY_H 1
#define HAVE_STDINT_H 1
#define HAVE_STDLIB_H 1
#define HAVE_STRINGS_H 1
#define HAVE_STRING_H 1
#define HAVE_SYS_STAT_H 1
#define HAVE_SYS_TIMEB_H 1
#define HAVE_SYS_TIME_H 1
#define HAVE_SYS_TYPES_H 1
#define HAVE_UNISTD_H 1
#define LIBVO_SDL
#define LIBVO_X11
#define PACKAGE "mpeg2dec"
#define PACKAGE_BUGREPORT ""
#define PACKAGE_NAME ""
#define PACKAGE_STRING ""
#define PACKAGE_TARNAME ""
#define PACKAGE_VERSION ""
#define RETSIGTYPE void
#define STDC_HEADERS 1
#define VERSION "0.3.1"
#define inline __attribute__ ((__always_inline__))
#define restrict __restrict__

configure: exit 0

## ---------------------- ##
## Running config.status. ##
## ---------------------- ##

This file was extended by config.status, which was
generated by GNU Autoconf 2.54.  Invocation command line was

  CONFIG_FILES    = 
  CONFIG_HEADERS  = 
  CONFIG_LINKS    = 
  CONFIG_COMMANDS = 
  $ ./config.status include/config.h

on dell

config.status:767: creating include/config.h

## ---------------------- ##
## Running config.status. ##
## ---------------------- ##

This file was extended by config.status, which was
generated by GNU Autoconf 2.54.  Invocation command line was

  CONFIG_FILES    = 
  CONFIG_HEADERS  = 
  CONFIG_LINKS    = 
  CONFIG_COMMANDS = 
  $ ./config.status libvo/Makefile depfiles

on dell

config.status:663: creating libvo/Makefile
config.status:1015: executing depfiles commands

## ---------------------- ##
## Running config.status. ##
## ---------------------- ##

This file was extended by config.status, which was
generated by GNU Autoconf 2.54.  Invocation command line was

  CONFIG_FILES    = 
  CONFIG_HEADERS  = 
  CONFIG_LINKS    = 
  CONFIG_COMMANDS = 
  $ ./config.status libvo/Makefile depfiles

on dell

config.status:663: creating libvo/Makefile
config.status:1015: executing depfiles commands

## ---------------------- ##
## Running config.status. ##
## ---------------------- ##

This file was extended by config.status, which was
generated by GNU Autoconf 2.54.  Invocation command line was

  CONFIG_FILES    = 
  CONFIG_HEADERS  = 
  CONFIG_LINKS    = 
  CONFIG_COMMANDS = 
  $ ./config.status libvo/Makefile depfiles

on dell

config.status:663: creating libvo/Makefile
config.status:1015: executing depfiles commands

## ---------------------- ##
## Running config.status. ##
## ---------------------- ##

This file was extended by config.status, which was
generated by GNU Autoconf 2.54.  Invocation command line was

  CONFIG_FILES    = 
  CONFIG_HEADERS  = 
  CONFIG_LINKS    = 
  CONFIG_COMMANDS = 
  $ ./config.status libvo/Makefile depfiles

on dell

config.status:663: creating libvo/Makefile
config.status:1015: executing depfiles commands
